This file contains any messages produced by compilers while
running configure, to aid debugging if configure makes a mistake.

It was created by curl configure -, which was
generated by GNU Autoconf 2.59.  Invocation command line was

  $ ./configure --enable-shared=no --enable-static=yes --enable-http --enable-ftp --disable-gopher --enable-file --disable-ldap --disable-dict --disable-telnet --disable-manual --enable-libgcc --disable-ipv6 --without-ssl --enable-debug

## --------- ##
## Platform. ##
## --------- ##

hostname = myhost
uname -m = x86_64
uname -r = 3.1.1-1-ARCH
uname -s = Linux
uname -v = #1 SMP PREEMPT Fri Nov 11 22:28:29 CET 2011

/usr/bin/uname -p = unknown
/bin/uname -X     = unknown

/bin/arch              = x86_64
/usr/bin/arch -k       = unknown
/usr/convex/getsysinfo = unknown
hostinfo               = unknown
/bin/machine           = unknown
/usr/bin/oslevel       = unknown
/bin/universe          = unknown

PATH: /usr/local/bin
PATH: /usr/bin
PATH: /bin
PATH: /usr/local/sbin
PATH: /usr/sbin
PATH: /sbin
PATH: /opt/android-sdk/tools
PATH: /opt/java/bin
PATH: /opt/java/db/bin
PATH: /opt/java/jre/bin
PATH: /usr/bin/core_perl


## ----------- ##
## Core tests. ##
## ----------- ##

configure:1575: checking whether to enable maintainer-specific portions of Makefiles
configure:1584: result: no
configure:1602: checking for sed
configure:1621: found /bin/sed
configure:1633: result: /bin/sed
configure:1644: checking for ar
configure:1663: found /usr/bin/ar
configure:1675: result: /usr/bin/ar
configure:1724: checking for a BSD-compatible install
configure:1779: result: /bin/install -c
configure:1790: checking whether build environment is sane
configure:1833: result: yes
configure:1890: checking for gawk
configure:1906: found /usr/bin/gawk
configure:1916: result: gawk
configure:1926: checking whether make sets $(MAKE)
configure:1946: result: yes
configure:2110: checking curl version
configure:2112: result: 7.11.1
configure:2133: checking build system type
configure:2151: result: x86_64-unknown-linux-gnu
configure:2159: checking host system type
configure:2173: result: x86_64-unknown-linux-gnu
configure:2199: checking for style of include used by make
configure:2227: result: GNU
configure:2298: checking for gcc
configure:2324: result: gcc
configure:2568: checking for C compiler version
configure:2571: gcc --version </dev/null >&5
gcc (GCC) 4.6.2
Copyright (C) 2011 Free Software Foundation, Inc.
This is free software; see the source for copying conditions.  There is NO
warranty; not even for MERCHANTABILITY or FITNESS FOR A PARTICULAR PURPOSE.

configure:2574: $? = 0
configure:2576: gcc -v </dev/null >&5
Using built-in specs.
COLLECT_GCC=gcc
COLLECT_LTO_WRAPPER=/usr/lib/gcc/x86_64-unknown-linux-gnu/4.6.2/lto-wrapper
Target: x86_64-unknown-linux-gnu
Configured with: /build/src/gcc-4.6.2/configure --prefix=/usr --libdir=/usr/lib --libexecdir=/usr/lib --mandir=/usr/share/man --infodir=/usr/share/info --with-bugurl=https://bugs.archlinux.org/ --enable-languages=c,c++,ada,fortran,go,lto,objc,obj-c++ --enable-shared --enable-threads=posix --with-system-zlib --enable-__cxa_atexit --disable-libunwind-exceptions --enable-clocale=gnu --enable-gnu-unique-object --enable-linker-build-id --with-ppl --enable-cloog-backend=isl --enable-lto --enable-gold --enable-ld=default --enable-plugin --with-plugin-ld=ld.gold --enable-multilib --disable-libssp --disable-libstdcxx-pch --enable-checking=release
Thread model: posix
gcc version 4.6.2 (GCC) 
configure:2579: $? = 0
configure:2581: gcc -V </dev/null >&5
gcc: error: unrecognized option '-V'
gcc: fatal error: no input files
compilation terminated.
configure:2584: $? = 1
configure:2607: checking for C compiler default output file name
configure:2610: gcc -m32   conftest.c  >&5
configure:2613: $? = 0
configure:2659: result: a.out
configure:2664: checking whether the C compiler works
configure:2670: ./a.out
configure:2673: $? = 0
configure:2690: result: yes
configure:2697: checking whether we are cross compiling
configure:2699: result: no
configure:2702: checking for suffix of executables
configure:2704: gcc -o conftest -m32   conftest.c  >&5
configure:2707: $? = 0
configure:2732: result: 
configure:2738: checking for suffix of object files
configure:2759: gcc -c -m32  conftest.c >&5
configure:2762: $? = 0
configure:2784: result: o
configure:2788: checking whether we are using the GNU C compiler
configure:2812: gcc -c -m32  conftest.c >&5
configure:2818: $? = 0
configure:2822: test -z 
			 || test ! -s conftest.err
configure:2825: $? = 0
configure:2828: test -s conftest.o
configure:2831: $? = 0
configure:2844: result: yes
configure:2850: checking whether gcc accepts -g
configure:2871: gcc -c -g  conftest.c >&5
configure:2877: $? = 0
configure:2881: test -z 
			 || test ! -s conftest.err
configure:2884: $? = 0
configure:2887: test -s conftest.o
configure:2890: $? = 0
configure:2901: result: yes
configure:2918: checking for gcc option to accept ANSI C
configure:2988: gcc  -c -m32  conftest.c >&5
configure:2994: $? = 0
configure:2998: test -z 
			 || test ! -s conftest.err
configure:3001: $? = 0
configure:3004: test -s conftest.o
configure:3007: $? = 0
configure:3025: result: none needed
configure:3043: gcc -c -m32  conftest.c >&5
conftest.c:2:3: error: unknown type name 'choke'
conftest.c:2:3: error: expected '=', ',', ';', 'asm' or '__attribute__' at end of input
configure:3049: $? = 1
configure: failed program was:
| #ifndef __cplusplus
|   choke me
| #endif
configure:3184: checking dependency style of gcc
configure:3269: result: gcc3
configure:3292: checking how to run the C preprocessor
configure:3327: gcc -E  conftest.c
configure:3333: $? = 0
configure:3365: gcc -E  conftest.c
conftest.c:12:28: fatal error: ac_nonexistent.h: No such file or directory
compilation terminated.
configure:3371: $? = 1
configure: failed program was:
| /* confdefs.h.  */
| 
| #define PACKAGE_NAME "curl"
| #define PACKAGE_TARNAME "curl"
| #define PACKAGE_VERSION "-"
| #define PACKAGE_STRING "curl -"
| #define PACKAGE_BUGREPORT "curl-bug@haxx.se"
| #define PACKAGE "curl"
| #define VERSION "7.11.1"
| #define OS "x86_64-unknown-linux-gnu"
| /* end confdefs.h.  */
| #include <ac_nonexistent.h>
configure:3410: result: gcc -E
configure:3434: gcc -E  conftest.c
configure:3440: $? = 0
configure:3472: gcc -E  conftest.c
conftest.c:12:28: fatal error: ac_nonexistent.h: No such file or directory
compilation terminated.
configure:3478: $? = 1
configure: failed program was:
| /* confdefs.h.  */
| 
| #define PACKAGE_NAME "curl"
| #define PACKAGE_TARNAME "curl"
| #define PACKAGE_VERSION "-"
| #define PACKAGE_STRING "curl -"
| #define PACKAGE_BUGREPORT "curl-bug@haxx.se"
| #define PACKAGE "curl"
| #define VERSION "7.11.1"
| #define OS "x86_64-unknown-linux-gnu"
| /* end confdefs.h.  */
| #include <ac_nonexistent.h>
configure:3522: checking for egrep
configure:3532: result: grep -E
configure:3538: checking for AIX
configure:3560: result: no
configure:3613: checking for gcc
configure:3639: result: gcc
configure:3883: checking for C compiler version
configure:3886: gcc --version </dev/null >&5
gcc (GCC) 4.6.2
Copyright (C) 2011 Free Software Foundation, Inc.
This is free software; see the source for copying conditions.  There is NO
warranty; not even for MERCHANTABILITY or FITNESS FOR A PARTICULAR PURPOSE.

configure:3889: $? = 0
configure:3891: gcc -v </dev/null >&5
Using built-in specs.
COLLECT_GCC=gcc
COLLECT_LTO_WRAPPER=/usr/lib/gcc/x86_64-unknown-linux-gnu/4.6.2/lto-wrapper
Target: x86_64-unknown-linux-gnu
Configured with: /build/src/gcc-4.6.2/configure --prefix=/usr --libdir=/usr/lib --libexecdir=/usr/lib --mandir=/usr/share/man --infodir=/usr/share/info --with-bugurl=https://bugs.archlinux.org/ --enable-languages=c,c++,ada,fortran,go,lto,objc,obj-c++ --enable-shared --enable-threads=posix --with-system-zlib --enable-__cxa_atexit --disable-libunwind-exceptions --enable-clocale=gnu --enable-gnu-unique-object --enable-linker-build-id --with-ppl --enable-cloog-backend=isl --enable-lto --enable-gold --enable-ld=default --enable-plugin --with-plugin-ld=ld.gold --enable-multilib --disable-libssp --disable-libstdcxx-pch --enable-checking=release
Thread model: posix
gcc version 4.6.2 (GCC) 
configure:3894: $? = 0
configure:3896: gcc -V </dev/null >&5
gcc: error: unrecognized option '-V'
gcc: fatal error: no input files
compilation terminated.
configure:3899: $? = 1
configure:3902: checking whether we are using the GNU C compiler
configure:3958: result: yes
configure:3964: checking whether gcc accepts -g
configure:4015: result: yes
configure:4032: checking for gcc option to accept ANSI C
configure:4139: result: none needed
configure:4157: gcc -c -m32  conftest.c >&5
conftest.c:2:3: error: unknown type name 'choke'
conftest.c:2:3: error: expected '=', ',', ';', 'asm' or '__attribute__' at end of input
configure:4163: $? = 1
configure: failed program was:
| #ifndef __cplusplus
|   choke me
| #endif
configure:4298: checking dependency style of gcc
configure:4383: result: gcc3
configure:4408: checking for special C compiler options needed for large files
configure:4507: result: no
configure:4513: checking for _FILE_OFFSET_BITS value needed for large files
configure:4544: gcc -c -m32  conftest.c >&5
conftest.c:18:3: warning: left shift count >= width of type [enabled by default]
conftest.c:18:3: warning: left shift count >= width of type [enabled by default]
conftest.c:19:10: warning: left shift count >= width of type [enabled by default]
conftest.c:19:10: warning: left shift count >= width of type [enabled by default]
conftest.c:18:7: error: size of array 'off_t_is_large' is negative
conftest.c:20:9: warning: variably modified 'off_t_is_large' at file scope [enabled by default]
configure:4550: $? = 1
configure: failed program was:
| /* confdefs.h.  */
| 
| #define PACKAGE_NAME "curl"
| #define PACKAGE_TARNAME "curl"
| #define PACKAGE_VERSION "-"
| #define PACKAGE_STRING "curl -"
| #define PACKAGE_BUGREPORT "curl-bug@haxx.se"
| #define PACKAGE "curl"
| #define VERSION "7.11.1"
| #define OS "x86_64-unknown-linux-gnu"
| /* end confdefs.h.  */
| #include <sys/types.h>
|  /* Check that off_t can represent 2**63 - 1 correctly.
|     We can't simply define LARGE_OFF_T to be 9223372036854775807,
|     since some C++ compilers masquerading as C compilers
|     incorrectly reject 9223372036854775807.  */
| #define LARGE_OFF_T (((off_t) 1 << 62) - 1 + ((off_t) 1 << 62))
|   int off_t_is_large[(LARGE_OFF_T % 2147483629 == 721
| 		       && LARGE_OFF_T % 2147483647 == 1)
| 		      ? 1 : -1];
| int
| main ()
| {
| 
|   ;
|   return 0;
| }
configure:4597: gcc -c -m32  conftest.c >&5
configure:4603: $? = 0
configure:4607: test -z 
			 || test ! -s conftest.err
configure:4610: $? = 0
configure:4613: test -s conftest.o
configure:4616: $? = 0
configure:4628: result: 64
configure:4638: checking for _LARGE_FILES value needed for large files
configure:4669: gcc -c -m32  conftest.c >&5
configure:4675: $? = 0
configure:4679: test -z 
			 || test ! -s conftest.err
configure:4682: $? = 0
configure:4685: test -s conftest.o
configure:4688: $? = 0
configure:4753: result: no
configure:4841: checking for a sed that does not truncate output
configure:4895: result: /bin/sed
configure:4909: checking for ld used by gcc
configure:4976: result: /usr/bin/ld
configure:4985: checking if the linker (/usr/bin/ld) is GNU ld
configure:5000: result: yes
configure:5005: checking for /usr/bin/ld option to reload object files
configure:5012: result: -r
configure:5021: checking for BSD-compatible nm
configure:5063: result: /usr/bin/nm -B
configure:5067: checking whether ln -s works
configure:5071: result: yes
configure:5078: checking how to recognise dependent libraries
configure:5261: result: pass_all
configure:5345: gcc -c -m32  conftest.c >&5
configure:5348: $? = 0
configure:5711: checking for ANSI C header files
configure:5736: gcc -c -m32  conftest.c >&5
configure:5742: $? = 0
configure:5746: test -z 
			 || test ! -s conftest.err
configure:5749: $? = 0
configure:5752: test -s conftest.o
configure:5755: $? = 0
configure:5844: gcc -o conftest -m32   conftest.c  >&5
conftest.c: In function 'main':
conftest.c:30:7: warning: incompatible implicit declaration of built-in function 'exit' [enabled by default]
configure:5847: $? = 0
configure:5849: ./conftest
configure:5852: $? = 0
configure:5867: result: yes
configure:5891: checking for sys/types.h
configure:5907: gcc -c -m32  conftest.c >&5
configure:5913: $? = 0
configure:5917: test -z 
			 || test ! -s conftest.err
configure:5920: $? = 0
configure:5923: test -s conftest.o
configure:5926: $? = 0
configure:5937: result: yes
configure:5891: checking for sys/stat.h
configure:5907: gcc -c -m32  conftest.c >&5
configure:5913: $? = 0
configure:5917: test -z 
			 || test ! -s conftest.err
configure:5920: $? = 0
configure:5923: test -s conftest.o
configure:5926: $? = 0
configure:5937: result: yes
configure:5891: checking for stdlib.h
configure:5907: gcc -c -m32  conftest.c >&5
configure:5913: $? = 0
configure:5917: test -z 
			 || test ! -s conftest.err
configure:5920: $? = 0
configure:5923: test -s conftest.o
configure:5926: $? = 0
configure:5937: result: yes
configure:5891: checking for string.h
configure:5907: gcc -c -m32  conftest.c >&5
configure:5913: $? = 0
configure:5917: test -z 
			 || test ! -s conftest.err
configure:5920: $? = 0
configure:5923: test -s conftest.o
configure:5926: $? = 0
configure:5937: result: yes
configure:5891: checking for memory.h
configure:5907: gcc -c -m32  conftest.c >&5
configure:5913: $? = 0
configure:5917: test -z 
			 || test ! -s conftest.err
configure:5920: $? = 0
configure:5923: test -s conftest.o
configure:5926: $? = 0
configure:5937: result: yes
configure:5891: checking for strings.h
configure:5907: gcc -c -m32  conftest.c >&5
configure:5913: $? = 0
configure:5917: test -z 
			 || test ! -s conftest.err
configure:5920: $? = 0
configure:5923: test -s conftest.o
configure:5926: $? = 0
configure:5937: result: yes
configure:5891: checking for inttypes.h
configure:5907: gcc -c -m32  conftest.c >&5
configure:5913: $? = 0
configure:5917: test -z 
			 || test ! -s conftest.err
configure:5920: $? = 0
configure:5923: test -s conftest.o
configure:5926: $? = 0
configure:5937: result: yes
configure:5891: checking for stdint.h
configure:5907: gcc -c -m32  conftest.c >&5
configure:5913: $? = 0
configure:5917: test -z 
			 || test ! -s conftest.err
configure:5920: $? = 0
configure:5923: test -s conftest.o
configure:5926: $? = 0
configure:5937: result: yes
configure:5891: checking for unistd.h
configure:5907: gcc -c -m32  conftest.c >&5
configure:5913: $? = 0
configure:5917: test -z 
			 || test ! -s conftest.err
configure:5920: $? = 0
configure:5923: test -s conftest.o
configure:5926: $? = 0
configure:5937: result: yes
configure:5963: checking dlfcn.h usability
configure:5975: gcc -c -m32  conftest.c >&5
configure:5981: $? = 0
configure:5985: test -z 
			 || test ! -s conftest.err
configure:5988: $? = 0
configure:5991: test -s conftest.o
configure:5994: $? = 0
configure:6004: result: yes
configure:6008: checking dlfcn.h presence
configure:6018: gcc -E  conftest.c
configure:6024: $? = 0
configure:6044: result: yes
configure:6079: checking for dlfcn.h
configure:6086: result: yes
configure:6151: checking for g++
configure:6167: found /usr/bin/g++
configure:6177: result: g++
configure:6193: checking for C++ compiler version
configure:6196: g++ --version </dev/null >&5
g++ (GCC) 4.6.2
Copyright (C) 2011 Free Software Foundation, Inc.
This is free software; see the source for copying conditions.  There is NO
warranty; not even for MERCHANTABILITY or FITNESS FOR A PARTICULAR PURPOSE.

configure:6199: $? = 0
configure:6201: g++ -v </dev/null >&5
Using built-in specs.
COLLECT_GCC=g++
COLLECT_LTO_WRAPPER=/usr/lib/gcc/x86_64-unknown-linux-gnu/4.6.2/lto-wrapper
Target: x86_64-unknown-linux-gnu
Configured with: /build/src/gcc-4.6.2/configure --prefix=/usr --libdir=/usr/lib --libexecdir=/usr/lib --mandir=/usr/share/man --infodir=/usr/share/info --with-bugurl=https://bugs.archlinux.org/ --enable-languages=c,c++,ada,fortran,go,lto,objc,obj-c++ --enable-shared --enable-threads=posix --with-system-zlib --enable-__cxa_atexit --disable-libunwind-exceptions --enable-clocale=gnu --enable-gnu-unique-object --enable-linker-build-id --with-ppl --enable-cloog-backend=isl --enable-lto --enable-gold --enable-ld=default --enable-plugin --with-plugin-ld=ld.gold --enable-multilib --disable-libssp --disable-libstdcxx-pch --enable-checking=release
Thread model: posix
gcc version 4.6.2 (GCC) 
configure:6204: $? = 0
configure:6206: g++ -V </dev/null >&5
g++: error: unrecognized option '-V'
g++: fatal error: no input files
compilation terminated.
configure:6209: $? = 1
configure:6212: checking whether we are using the GNU C++ compiler
configure:6236: g++ -c   conftest.cc >&5
configure:6242: $? = 0
configure:6246: test -z 
			 || test ! -s conftest.err
configure:6249: $? = 0
configure:6252: test -s conftest.o
configure:6255: $? = 0
configure:6268: result: yes
configure:6274: checking whether g++ accepts -g
configure:6295: g++ -c -g  conftest.cc >&5
configure:6301: $? = 0
configure:6305: test -z 
			 || test ! -s conftest.err
configure:6308: $? = 0
configure:6311: test -s conftest.o
configure:6314: $? = 0
configure:6325: result: yes
configure:6367: g++ -c -g -O2  conftest.cc >&5
configure:6373: $? = 0
configure:6377: test -z 
			 || test ! -s conftest.err
configure:6380: $? = 0
configure:6383: test -s conftest.o
configure:6386: $? = 0
configure:6412: g++ -c -g -O2  conftest.cc >&5
conftest.cc: In function 'int main()':
conftest.cc:28:9: error: 'exit' was not declared in this scope
configure:6418: $? = 1
configure: failed program was:
| /* confdefs.h.  */
| 
| #define PACKAGE_NAME "curl"
| #define PACKAGE_TARNAME "curl"
| #define PACKAGE_VERSION "-"
| #define PACKAGE_STRING "curl -"
| #define PACKAGE_BUGREPORT "curl-bug@haxx.se"
| #define PACKAGE "curl"
| #define VERSION "7.11.1"
| #define OS "x86_64-unknown-linux-gnu"
| #define _FILE_OFFSET_BITS 64
| #define STDC_HEADERS 1
| #define HAVE_SYS_TYPES_H 1
| #define HAVE_SYS_STAT_H 1
| #define HAVE_STDLIB_H 1
| #define HAVE_STRING_H 1
| #define HAVE_MEMORY_H 1
| #define HAVE_STRINGS_H 1
| #define HAVE_INTTYPES_H 1
| #define HAVE_STDINT_H 1
| #define HAVE_UNISTD_H 1
| #define HAVE_DLFCN_H 1
| /* end confdefs.h.  */
| 
| int
| main ()
| {
| exit (42);
|   ;
|   return 0;
| }
configure:6367: g++ -c -g -O2  conftest.cc >&5
conftest.cc:24:40: error: 'void std::exit(int)' should have been declared inside 'std'
configure:6373: $? = 1
configure: failed program was:
| /* confdefs.h.  */
| 
| #define PACKAGE_NAME "curl"
| #define PACKAGE_TARNAME "curl"
| #define PACKAGE_VERSION "-"
| #define PACKAGE_STRING "curl -"
| #define PACKAGE_BUGREPORT "curl-bug@haxx.se"
| #define PACKAGE "curl"
| #define VERSION "7.11.1"
| #define OS "x86_64-unknown-linux-gnu"
| #define _FILE_OFFSET_BITS 64
| #define STDC_HEADERS 1
| #define HAVE_SYS_TYPES_H 1
| #define HAVE_SYS_STAT_H 1
| #define HAVE_STDLIB_H 1
| #define HAVE_STRING_H 1
| #define HAVE_MEMORY_H 1
| #define HAVE_STRINGS_H 1
| #define HAVE_INTTYPES_H 1
| #define HAVE_STDINT_H 1
| #define HAVE_UNISTD_H 1
| #define HAVE_DLFCN_H 1
| /* end confdefs.h.  */
| extern "C" void std::exit (int) throw (); using std::exit;
| #include <stdlib.h>
| int
| main ()
| {
| exit (42);
|   ;
|   return 0;
| }
configure:6367: g++ -c -g -O2  conftest.cc >&5
conftest.cc:24:31: error: 'void std::exit(int)' should have been declared inside 'std'
In file included from conftest.cc:25:0:
/usr/include/stdlib.h:544:70: error: declaration of 'void std::exit(int) throw ()' has a different exception specifier
conftest.cc:24:17: error: from previous declaration 'void std::exit(int)'
configure:6373: $? = 1
configure: failed program was:
| /* confdefs.h.  */
| 
| #define PACKAGE_NAME "curl"
| #define PACKAGE_TARNAME "curl"
| #define PACKAGE_VERSION "-"
| #define PACKAGE_STRING "curl -"
| #define PACKAGE_BUGREPORT "curl-bug@haxx.se"
| #define PACKAGE "curl"
| #define VERSION "7.11.1"
| #define OS "x86_64-unknown-linux-gnu"
| #define _FILE_OFFSET_BITS 64
| #define STDC_HEADERS 1
| #define HAVE_SYS_TYPES_H 1
| #define HAVE_SYS_STAT_H 1
| #define HAVE_STDLIB_H 1
| #define HAVE_STRING_H 1
| #define HAVE_MEMORY_H 1
| #define HAVE_STRINGS_H 1
| #define HAVE_INTTYPES_H 1
| #define HAVE_STDINT_H 1
| #define HAVE_UNISTD_H 1
| #define HAVE_DLFCN_H 1
| /* end confdefs.h.  */
| extern "C" void std::exit (int); using std::exit;
| #include <stdlib.h>
| int
| main ()
| {
| exit (42);
|   ;
|   return 0;
| }
configure:6367: g++ -c -g -O2  conftest.cc >&5
configure:6373: $? = 0
configure:6377: test -z 
			 || test ! -s conftest.err
configure:6380: $? = 0
configure:6383: test -s conftest.o
configure:6386: $? = 0
configure:6412: g++ -c -g -O2  conftest.cc >&5
configure:6418: $? = 0
configure:6422: test -z 
			 || test ! -s conftest.err
configure:6425: $? = 0
configure:6428: test -s conftest.o
configure:6431: $? = 0
configure:6456: checking dependency style of g++
configure:6541: result: gcc3
configure:6563: checking how to run the C++ preprocessor
configure:6594: g++ -E  conftest.cc
configure:6600: $? = 0
configure:6632: g++ -E  conftest.cc
conftest.cc:27:28: fatal error: ac_nonexistent.h: No such file or directory
compilation terminated.
configure:6638: $? = 1
configure: failed program was:
| /* confdefs.h.  */
| 
| #define PACKAGE_NAME "curl"
| #define PACKAGE_TARNAME "curl"
| #define PACKAGE_VERSION "-"
| #define PACKAGE_STRING "curl -"
| #define PACKAGE_BUGREPORT "curl-bug@haxx.se"
| #define PACKAGE "curl"
| #define VERSION "7.11.1"
| #define OS "x86_64-unknown-linux-gnu"
| #define _FILE_OFFSET_BITS 64
| #define STDC_HEADERS 1
| #define HAVE_SYS_TYPES_H 1
| #define HAVE_SYS_STAT_H 1
| #define HAVE_STDLIB_H 1
| #define HAVE_STRING_H 1
| #define HAVE_MEMORY_H 1
| #define HAVE_STRINGS_H 1
| #define HAVE_INTTYPES_H 1
| #define HAVE_STDINT_H 1
| #define HAVE_UNISTD_H 1
| #define HAVE_DLFCN_H 1
| #ifdef __cplusplus
| extern "C" void exit (int) throw ();
| #endif
| /* end confdefs.h.  */
| #include <ac_nonexistent.h>
configure:6677: result: g++ -E
configure:6701: g++ -E  conftest.cc
configure:6707: $? = 0
configure:6739: g++ -E  conftest.cc
conftest.cc:27:28: fatal error: ac_nonexistent.h: No such file or directory
compilation terminated.
configure:6745: $? = 1
configure: failed program was:
| /* confdefs.h.  */
| 
| #define PACKAGE_NAME "curl"
| #define PACKAGE_TARNAME "curl"
| #define PACKAGE_VERSION "-"
| #define PACKAGE_STRING "curl -"
| #define PACKAGE_BUGREPORT "curl-bug@haxx.se"
| #define PACKAGE "curl"
| #define VERSION "7.11.1"
| #define OS "x86_64-unknown-linux-gnu"
| #define _FILE_OFFSET_BITS 64
| #define STDC_HEADERS 1
| #define HAVE_SYS_TYPES_H 1
| #define HAVE_SYS_STAT_H 1
| #define HAVE_STDLIB_H 1
| #define HAVE_STRING_H 1
| #define HAVE_MEMORY_H 1
| #define HAVE_STRINGS_H 1
| #define HAVE_INTTYPES_H 1
| #define HAVE_STDINT_H 1
| #define HAVE_UNISTD_H 1
| #define HAVE_DLFCN_H 1
| #ifdef __cplusplus
| extern "C" void exit (int) throw ();
| #endif
| /* end confdefs.h.  */
| #include <ac_nonexistent.h>
configure:6840: checking for g77
configure:6869: result: no
configure:6840: checking for f77
configure:6869: result: no
configure:6840: checking for xlf
configure:6869: result: no
configure:6840: checking for frt
configure:6869: result: no
configure:6840: checking for pgf77
configure:6869: result: no
configure:6840: checking for fort77
configure:6869: result: no
configure:6840: checking for fl32
configure:6869: result: no
configure:6840: checking for af77
configure:6869: result: no
configure:6840: checking for f90
configure:6869: result: no
configure:6840: checking for xlf90
configure:6869: result: no
configure:6840: checking for pgf90
configure:6869: result: no
configure:6840: checking for epcf90
configure:6869: result: no
configure:6840: checking for f95
configure:6869: result: no
configure:6840: checking for fort
configure:6869: result: no
configure:6840: checking for xlf95
configure:6869: result: no
configure:6840: checking for ifc
configure:6869: result: no
configure:6840: checking for efc
configure:6869: result: no
configure:6840: checking for pgf95
configure:6869: result: no
configure:6840: checking for lf95
configure:6869: result: no
configure:6840: checking for gfortran
configure:6869: result: no
configure:6881: checking for Fortran 77 compiler version
configure:6884:  --version </dev/null >&5
./configure: line 6885: --version: command not found
configure:6887: $? = 127
configure:6889:  -v </dev/null >&5
./configure: line 6890: -v: command not found
configure:6892: $? = 127
configure:6894:  -V </dev/null >&5
./configure: line 6895: -V: command not found
configure:6897: $? = 127
configure:6905: checking whether we are using the GNU Fortran 77 compiler
configure:6919:  -c  conftest.F >&5
./configure: line 6920: -c: command not found
configure:6925: $? = 127
configure: failed program was:
|       program main
| #ifndef __GNUC__
|        choke me
| #endif
| 
|       end
configure:6951: result: no
configure:6957: checking whether  accepts -g
configure:6969:  -c -g conftest.f >&5
./configure: line 6970: -c: command not found
configure:6975: $? = 127
configure: failed program was:
|       program main
| 
|       end
configure:7000: result: no
configure:7030: checking the maximum length of command line arguments
configure:7095: result: 32768
configure:7106: checking command to parse /usr/bin/nm -B output from gcc object
configure:7195: gcc -c -m32  conftest.c >&5
configure:7198: $? = 0
configure:7202: /usr/bin/nm -B conftest.o \| sed -n -e 's/^.*[ 	]\([ABCDGIRSTW][ABCDGIRSTW]*\)[ 	][ 	]*\(\)\([_A-Za-z][_A-Za-z0-9]*\)$/\1 \2\3 \3/p' \> conftest.nm
configure:7205: $? = 0
configure:7257: gcc -o conftest -m32   conftest.c conftstm.o >&5
configure:7260: $? = 0
configure:7298: result: ok
configure:7302: checking for objdir
configure:7317: result: .libs
configure:7407: checking for ar
configure:7434: result: /usr/bin/ar
configure:7487: checking for ranlib
configure:7503: found /usr/bin/ranlib
configure:7514: result: ranlib
configure:7567: checking for strip
configure:7583: found /usr/bin/strip
configure:7594: result: strip
configure:7856: checking if gcc static flag  works
configure:7879: result: yes
configure:7897: checking if gcc supports -fno-rtti -fno-exceptions
configure:7915: gcc -c -m32  -fno-rtti -fno-exceptions conftest.c >&5
cc1: warning: command line option '-fno-rtti' is valid for C++/ObjC++ but not for C [enabled by default]
configure:7919: $? = 0
configure:7930: result: no
configure:7945: checking for gcc option to produce PIC
configure:8122: result: -fPIC
configure:8130: checking if gcc PIC flag -fPIC works
configure:8148: gcc -c -m32  -fPIC -DPIC conftest.c >&5
configure:8152: $? = 0
configure:8163: result: yes
configure:8187: checking if gcc supports -c -o file.o
configure:8208: gcc -c -m32  -o out/conftest2.o conftest.c >&5
configure:8212: $? = 0
configure:8232: result: yes
configure:8258: checking whether the gcc linker (/usr/bin/ld -m elf_i386) supports shared libraries
configure:9106: result: yes
configure:9177: checking dynamic linker characteristics
configure:9717: result: GNU/Linux ld.so
configure:9721: checking how to hardcode library paths into programs
configure:9746: result: immediate
configure:9760: checking whether stripping libraries is possible
configure:9765: result: yes
configure:10595: checking if libtool supports shared libraries
configure:10597: result: yes
configure:10600: checking whether to build shared libraries
configure:10658: result: no
configure:10661: checking whether to build static libraries
configure:10665: result: yes
configure:10757: creating libtool
configure:11304: checking for ld used by g++
configure:11371: result: /usr/bin/ld -m elf_i386
configure:11380: checking if the linker (/usr/bin/ld -m elf_i386) is GNU ld
configure:11395: result: yes
configure:11446: checking whether the g++ linker (/usr/bin/ld -m elf_i386) supports shared libraries
configure:12274: result: yes
configure:12292: g++ -c -g -O2  conftest.cc >&5
configure:12295: $? = 0
configure:12391: checking for g++ option to produce PIC
configure:12643: result: -fPIC
configure:12651: checking if g++ PIC flag -fPIC works
configure:12669: g++ -c -g -O2  -fPIC -DPIC conftest.cc >&5
configure:12673: $? = 0
configure:12684: result: yes
configure:12708: checking if g++ supports -c -o file.o
configure:12729: g++ -c -g -O2  -o out/conftest2.o conftest.cc >&5
configure:12733: $? = 0
configure:12753: result: yes
configure:12779: checking whether the g++ linker (/usr/bin/ld -m elf_i386) supports shared libraries
configure:12804: result: yes
configure:12875: checking dynamic linker characteristics
configure:13415: result: GNU/Linux ld.so
configure:13419: checking how to hardcode library paths into programs
configure:13444: result: immediate
configure:13458: checking whether stripping libraries is possible
configure:13463: result: yes
configure:20699: checking if we need -no-undefined
configure:20709: result: no
configure:20722: checking if we need -mimpure-text
configure:20734: result: no
configure:20747: checking whether make sets $(MAKE)
configure:20767: result: yes
configure:20777: checking whether to support http
configure:20801: result: yes
configure:20810: checking whether to support ftp
configure:20826: result: yes
configure:20835: checking whether to support gopher
configure:20842: result: no
configure:20860: checking whether to support file
configure:20876: result: yes
configure:20885: checking whether to support ldap
configure:20892: result: no
configure:20910: checking whether to support dict
configure:20917: result: no
configure:20935: checking whether to support telnet
configure:20942: result: no
configure:20962: checking whether to provide built-in manual
configure:20969: result: no
configure:20986: checking for gethostbyname
configure:21043: gcc -o conftest -m32   conftest.c  >&5
configure:21049: $? = 0
configure:21053: test -z 
			 || test ! -s conftest.err
configure:21056: $? = 0
configure:21059: test -s conftest
configure:21062: $? = 0
configure:21074: result: yes
configure:21358: checking for strcasecmp
configure:21415: gcc -o conftest -m32   conftest.c  >&5
conftest.c:56:6: warning: conflicting types for built-in function 'strcasecmp' [enabled by default]
configure:21421: $? = 0
configure:21425: test -z 
			 || test ! -s conftest.err
configure:21428: $? = 0
configure:21431: test -s conftest
configure:21434: $? = 0
configure:21446: result: yes
configure:21599: checking for connect
configure:21656: gcc -o conftest -m32   conftest.c  >&5
configure:21662: $? = 0
configure:21666: test -z 
			 || test ! -s conftest.err
configure:21669: $? = 0
configure:21672: test -s conftest
configure:21675: $? = 0
configure:21687: result: yes
configure:21769: checking for dlclose
configure:21826: gcc -o conftest -m32   conftest.c  >&5
/tmp/ccmVcMUZ.o: In function `main':
conftest.c:(.text+0x9): undefined reference to `dlclose'
/tmp/ccmVcMUZ.o:(.data+0x0): undefined reference to `dlclose'
collect2: ld returned 1 exit status
configure:21832: $? = 1
configure: failed program was:
| /* confdefs.h.  */
| 
| #define PACKAGE_NAME "curl"
| #define PACKAGE_TARNAME "curl"
| #define PACKAGE_VERSION "-"
| #define PACKAGE_STRING "curl -"
| #define PACKAGE_BUGREPORT "curl-bug@haxx.se"
| #define PACKAGE "curl"
| #define VERSION "7.11.1"
| #define OS "x86_64-unknown-linux-gnu"
| #define _FILE_OFFSET_BITS 64
| #define STDC_HEADERS 1
| #define HAVE_SYS_TYPES_H 1
| #define HAVE_SYS_STAT_H 1
| #define HAVE_STDLIB_H 1
| #define HAVE_STRING_H 1
| #define HAVE_MEMORY_H 1
| #define HAVE_STRINGS_H 1
| #define HAVE_INTTYPES_H 1
| #define HAVE_STDINT_H 1
| #define HAVE_UNISTD_H 1
| #define HAVE_DLFCN_H 1
| #ifdef __cplusplus
| extern "C" void exit (int) throw ();
| #endif
| #define CURL_DISABLE_GOPHER 1
| #define CURL_DISABLE_LDAP 1
| #define CURL_DISABLE_DICT 1
| #define CURL_DISABLE_TELNET 1
| #define HAVE_GETHOSTBYNAME 1
| /* end confdefs.h.  */
| /* Define dlclose to an innocuous variant, in case <limits.h> declares dlclose.
|    For example, HP-UX 11i <limits.h> declares gettimeofday.  */
| #define dlclose innocuous_dlclose
| 
| /* System header to define __stub macros and hopefully few prototypes,
|     which can conflict with char dlclose (); below.
|     Prefer <limits.h> to <assert.h> if __STDC__ is defined, since
|     <limits.h> exists even on freestanding compilers.  */
| 
| #ifdef __STDC__
| # include <limits.h>
| #else
| # include <assert.h>
| #endif
| 
| #undef dlclose
| 
| /* Override any gcc2 internal prototype to avoid an error.  */
| #ifdef __cplusplus
| extern "C"
| {
| #endif
| /* We use char because int might match the return type of a gcc2
|    builtin and then its argument prototype would still apply.  */
| char dlclose ();
| /* The GNU C library defines this for functions which it implements
|     to always fail with ENOSYS.  Some functions are actually named
|     something starting with __ and the normal name is an alias.  */
| #if defined (__stub_dlclose) || defined (__stub___dlclose)
| choke me
| #else
| char (*f) () = dlclose;
| #endif
| #ifdef __cplusplus
| }
| #endif
| 
| int
| main ()
| {
| return f != dlclose;
|   ;
|   return 0;
| }
configure:21857: result: no
configure:21863: checking for dlopen in -ldl
configure:21893: gcc -o conftest -m32   conftest.c -ldl   >&5
configure:21899: $? = 0
configure:21903: test -z 
			 || test ! -s conftest.err
configure:21906: $? = 0
configure:21909: test -s conftest
configure:21912: $? = 0
configure:21925: result: yes
configure:21939: checking whether to use libgcc
configure:21947: result: yes
configure:21961: checking for timeGetTime in winmm
configure:21983: gcc -o conftest -m32   conftest.c -lwinmm -ldl  -lgcc >&5
conftest.c:33:20: fatal error: windef.h: No such file or directory
compilation terminated.
configure:21989: $? = 1
configure: failed program was:
| /* confdefs.h.  */
| 
| #define PACKAGE_NAME "curl"
| #define PACKAGE_TARNAME "curl"
| #define PACKAGE_VERSION "-"
| #define PACKAGE_STRING "curl -"
| #define PACKAGE_BUGREPORT "curl-bug@haxx.se"
| #define PACKAGE "curl"
| #define VERSION "7.11.1"
| #define OS "x86_64-unknown-linux-gnu"
| #define _FILE_OFFSET_BITS 64
| #define STDC_HEADERS 1
| #define HAVE_SYS_TYPES_H 1
| #define HAVE_SYS_STAT_H 1
| #define HAVE_STDLIB_H 1
| #define HAVE_STRING_H 1
| #define HAVE_MEMORY_H 1
| #define HAVE_STRINGS_H 1
| #define HAVE_INTTYPES_H 1
| #define HAVE_STDINT_H 1
| #define HAVE_UNISTD_H 1
| #define HAVE_DLFCN_H 1
| #ifdef __cplusplus
| extern "C" void exit (int) throw ();
| #endif
| #define CURL_DISABLE_GOPHER 1
| #define CURL_DISABLE_LDAP 1
| #define CURL_DISABLE_DICT 1
| #define CURL_DISABLE_TELNET 1
| #define HAVE_GETHOSTBYNAME 1
| #define HAVE_LIBDL 1
| /* end confdefs.h.  */
| #include <windef.h>
|              #include <mmsystem.h>
| 
| int
| main ()
| {
| timeGetTime();
|   ;
|   return 0;
| }
configure:22012: result: no
configure:22020: checking whether to enable ipv6
configure:22027: result: no
configure:22542: checking non-blocking sockets style
configure:22585: gcc -c -m32  conftest.c >&5
configure:22591: $? = 0
configure:22595: test -z 
			 || test ! -s conftest.err
configure:22598: $? = 0
configure:22601: test -s conftest.o
configure:22604: $? = 0
configure:22880: result: O_NONBLOCK
configure:22914: checking for "/dev/urandom"
configure:22929: result: yes
configure:22948: checking if argv can be written to
configure:22966: gcc -o conftest -m32   conftest.c -ldl  -lgcc >&5
configure:22969: $? = 0
configure:22971: ./conftest
configure:22974: $? = 0
configure:22997: result: yes
configure:23054: checking if Kerberos4 support is requested
configure:23906: result: no
configure:23919: checking if SPNEGO support is requested
configure:23945: result: no
configure:23977: checking if GSSAPI support is requested
configure:24028: result: no
configure:24035: checking for pkg-config
configure:24054: found /usr/bin/pkg-config
configure:24067: result: /usr/bin/pkg-config
configure:24075: checking for OpenSSL options using pkg-config
configure:24090: result: yes
configure:24111: WARNING: SSL/https support disabled
configure:25321: checking for inflateEnd in -lz
configure:25351: gcc -o conftest -m32       conftest.c -lz  -ldl  -lgcc -lssl -lcrypto -ldl -lz   >&5
/usr/bin/ld: skipping incompatible /usr/lib/gcc/x86_64-unknown-linux-gnu/4.6.2/../../../libssl.so when searching for -lssl
/usr/bin/ld: skipping incompatible /usr/lib/gcc/x86_64-unknown-linux-gnu/4.6.2/../../../libssl.a when searching for -lssl
/usr/bin/ld: skipping incompatible /usr/lib/libssl.so when searching for -lssl
/usr/bin/ld: skipping incompatible /usr/lib/libssl.a when searching for -lssl
/usr/bin/ld: cannot find -lssl
/usr/bin/ld: skipping incompatible /usr/lib/gcc/x86_64-unknown-linux-gnu/4.6.2/../../../libcrypto.so when searching for -lcrypto
/usr/bin/ld: skipping incompatible /usr/lib/gcc/x86_64-unknown-linux-gnu/4.6.2/../../../libcrypto.a when searching for -lcrypto
/usr/bin/ld: skipping incompatible /usr/lib/libcrypto.so when searching for -lcrypto
/usr/bin/ld: skipping incompatible /usr/lib/libcrypto.a when searching for -lcrypto
/usr/bin/ld: cannot find -lcrypto
collect2: ld returned 1 exit status
configure:25357: $? = 1
configure: failed program was:
| /* confdefs.h.  */
| 
| #define PACKAGE_NAME "curl"
| #define PACKAGE_TARNAME "curl"
| #define PACKAGE_VERSION "-"
| #define PACKAGE_STRING "curl -"
| #define PACKAGE_BUGREPORT "curl-bug@haxx.se"
| #define PACKAGE "curl"
| #define VERSION "7.11.1"
| #define OS "x86_64-unknown-linux-gnu"
| #define _FILE_OFFSET_BITS 64
| #define STDC_HEADERS 1
| #define HAVE_SYS_TYPES_H 1
| #define HAVE_SYS_STAT_H 1
| #define HAVE_STDLIB_H 1
| #define HAVE_STRING_H 1
| #define HAVE_MEMORY_H 1
| #define HAVE_STRINGS_H 1
| #define HAVE_INTTYPES_H 1
| #define HAVE_STDINT_H 1
| #define HAVE_UNISTD_H 1
| #define HAVE_DLFCN_H 1
| #ifdef __cplusplus
| extern "C" void exit (int) throw ();
| #endif
| #define CURL_DISABLE_GOPHER 1
| #define CURL_DISABLE_LDAP 1
| #define CURL_DISABLE_DICT 1
| #define CURL_DISABLE_TELNET 1
| #define HAVE_GETHOSTBYNAME 1
| #define HAVE_LIBDL 1
| #define HAVE_O_NONBLOCK 1
| #define RANDOM_FILE "/dev/urandom"
| #define HAVE_WRITABLE_ARGV 1
| /* end confdefs.h.  */
| 
| /* Override any gcc2 internal prototype to avoid an error.  */
| #ifdef __cplusplus
| extern "C"
| #endif
| /* We use char because int might match the return type of a gcc2
|    builtin and then its argument prototype would still apply.  */
| char inflateEnd ();
| int
| main ()
| {
| inflateEnd ();
|   ;
|   return 0;
| }
configure:25383: result: no
configure:25405: checking zlib.h usability
configure:25417: gcc -c -m32    -I/usr/local/include conftest.c >&5
configure:25423: $? = 0
configure:25427: test -z 
			 || test ! -s conftest.err
configure:25430: $? = 0
configure:25433: test -s conftest.o
configure:25436: $? = 0
configure:25446: result: yes
configure:25450: checking zlib.h presence
configure:25460: gcc -E    -I/usr/local/include conftest.c
configure:25466: $? = 0
configure:25486: result: yes
configure:25521: checking for zlib.h
configure:25528: result: yes
configure:25536: checking for gzread in -lz
configure:25566: gcc -o conftest -m32    -I/usr/local/include    -L/usr/local/lib conftest.c -lz  -ldl  -lgcc -lssl -lcrypto -ldl -lz   >&5
/usr/bin/ld: skipping incompatible /usr/lib/gcc/x86_64-unknown-linux-gnu/4.6.2/../../../libssl.so when searching for -lssl
/usr/bin/ld: skipping incompatible /usr/lib/gcc/x86_64-unknown-linux-gnu/4.6.2/../../../libssl.a when searching for -lssl
/usr/bin/ld: skipping incompatible /usr/lib/libssl.so when searching for -lssl
/usr/bin/ld: skipping incompatible /usr/lib/libssl.a when searching for -lssl
/usr/bin/ld: cannot find -lssl
/usr/bin/ld: skipping incompatible /usr/lib/gcc/x86_64-unknown-linux-gnu/4.6.2/../../../libcrypto.so when searching for -lcrypto
/usr/bin/ld: skipping incompatible /usr/lib/gcc/x86_64-unknown-linux-gnu/4.6.2/../../../libcrypto.a when searching for -lcrypto
/usr/bin/ld: skipping incompatible /usr/lib/libcrypto.so when searching for -lcrypto
/usr/bin/ld: skipping incompatible /usr/lib/libcrypto.a when searching for -lcrypto
/usr/bin/ld: cannot find -lcrypto
collect2: ld returned 1 exit status
configure:25572: $? = 1
configure: failed program was:
| /* confdefs.h.  */
| 
| #define PACKAGE_NAME "curl"
| #define PACKAGE_TARNAME "curl"
| #define PACKAGE_VERSION "-"
| #define PACKAGE_STRING "curl -"
| #define PACKAGE_BUGREPORT "curl-bug@haxx.se"
| #define PACKAGE "curl"
| #define VERSION "7.11.1"
| #define OS "x86_64-unknown-linux-gnu"
| #define _FILE_OFFSET_BITS 64
| #define STDC_HEADERS 1
| #define HAVE_SYS_TYPES_H 1
| #define HAVE_SYS_STAT_H 1
| #define HAVE_STDLIB_H 1
| #define HAVE_STRING_H 1
| #define HAVE_MEMORY_H 1
| #define HAVE_STRINGS_H 1
| #define HAVE_INTTYPES_H 1
| #define HAVE_STDINT_H 1
| #define HAVE_UNISTD_H 1
| #define HAVE_DLFCN_H 1
| #ifdef __cplusplus
| extern "C" void exit (int) throw ();
| #endif
| #define CURL_DISABLE_GOPHER 1
| #define CURL_DISABLE_LDAP 1
| #define CURL_DISABLE_DICT 1
| #define CURL_DISABLE_TELNET 1
| #define HAVE_GETHOSTBYNAME 1
| #define HAVE_LIBDL 1
| #define HAVE_O_NONBLOCK 1
| #define RANDOM_FILE "/dev/urandom"
| #define HAVE_WRITABLE_ARGV 1
| /* end confdefs.h.  */
| 
| /* Override any gcc2 internal prototype to avoid an error.  */
| #ifdef __cplusplus
| extern "C"
| #endif
| /* We use char because int might match the return type of a gcc2
|    builtin and then its argument prototype would still apply.  */
| char gzread ();
| int
| main ()
| {
| gzread ();
|   ;
|   return 0;
| }
configure:25598: result: no
configure:25626: WARNING: configure found only the libz header file, not the lib!
configure:25664: checking AIX 4.3 or later
configure:25675: gcc -E    conftest.c
conftest.c:5:2: error: #error "this is not AIX 4.3 or later"
configure:25681: $? = 1
configure: failed program was:
| 
| #if defined(_AIX) && defined(_AIX43)
| printf("just fine");
| #else
| #error "this is not AIX 4.3 or later"
| #endif
| 
configure:25700: result: no
configure:25736: checking for gethostbyname_r
configure:25793: gcc -o conftest -m32       conftest.c -ldl  -lgcc -lssl -lcrypto -ldl -lz   >&5
/usr/bin/ld: skipping incompatible /usr/lib/gcc/x86_64-unknown-linux-gnu/4.6.2/../../../libssl.so when searching for -lssl
/usr/bin/ld: skipping incompatible /usr/lib/gcc/x86_64-unknown-linux-gnu/4.6.2/../../../libssl.a when searching for -lssl
/usr/bin/ld: skipping incompatible /usr/lib/libssl.so when searching for -lssl
/usr/bin/ld: skipping incompatible /usr/lib/libssl.a when searching for -lssl
/usr/bin/ld: cannot find -lssl
/usr/bin/ld: skipping incompatible /usr/lib/gcc/x86_64-unknown-linux-gnu/4.6.2/../../../libcrypto.so when searching for -lcrypto
/usr/bin/ld: skipping incompatible /usr/lib/gcc/x86_64-unknown-linux-gnu/4.6.2/../../../libcrypto.a when searching for -lcrypto
/usr/bin/ld: skipping incompatible /usr/lib/libcrypto.so when searching for -lcrypto
/usr/bin/ld: skipping incompatible /usr/lib/libcrypto.a when searching for -lcrypto
/usr/bin/ld: cannot find -lcrypto
collect2: ld returned 1 exit status
configure:25799: $? = 1
configure: failed program was:
| /* confdefs.h.  */
| 
| #define PACKAGE_NAME "curl"
| #define PACKAGE_TARNAME "curl"
| #define PACKAGE_VERSION "-"
| #define PACKAGE_STRING "curl -"
| #define PACKAGE_BUGREPORT "curl-bug@haxx.se"
| #define PACKAGE "curl"
| #define VERSION "7.11.1"
| #define OS "x86_64-unknown-linux-gnu"
| #define _FILE_OFFSET_BITS 64
| #define STDC_HEADERS 1
| #define HAVE_SYS_TYPES_H 1
| #define HAVE_SYS_STAT_H 1
| #define HAVE_STDLIB_H 1
| #define HAVE_STRING_H 1
| #define HAVE_MEMORY_H 1
| #define HAVE_STRINGS_H 1
| #define HAVE_INTTYPES_H 1
| #define HAVE_STDINT_H 1
| #define HAVE_UNISTD_H 1
| #define HAVE_DLFCN_H 1
| #ifdef __cplusplus
| extern "C" void exit (int) throw ();
| #endif
| #define CURL_DISABLE_GOPHER 1
| #define CURL_DISABLE_LDAP 1
| #define CURL_DISABLE_DICT 1
| #define CURL_DISABLE_TELNET 1
| #define HAVE_GETHOSTBYNAME 1
| #define HAVE_LIBDL 1
| #define HAVE_O_NONBLOCK 1
| #define RANDOM_FILE "/dev/urandom"
| #define HAVE_WRITABLE_ARGV 1
| /* end confdefs.h.  */
| /* Define gethostbyname_r to an innocuous variant, in case <limits.h> declares gethostbyname_r.
|    For example, HP-UX 11i <limits.h> declares gettimeofday.  */
| #define gethostbyname_r innocuous_gethostbyname_r
| 
| /* System header to define __stub macros and hopefully few prototypes,
|     which can conflict with char gethostbyname_r (); below.
|     Prefer <limits.h> to <assert.h> if __STDC__ is defined, since
|     <limits.h> exists even on freestanding compilers.  */
| 
| #ifdef __STDC__
| # include <limits.h>
| #else
| # include <assert.h>
| #endif
| 
| #undef gethostbyname_r
| 
| /* Override any gcc2 internal prototype to avoid an error.  */
| #ifdef __cplusplus
| extern "C"
| {
| #endif
| /* We use char because int might match the return type of a gcc2
|    builtin and then its argument prototype would still apply.  */
| char gethostbyname_r ();
| /* The GNU C library defines this for functions which it implements
|     to always fail with ENOSYS.  Some functions are actually named
|     something starting with __ and the normal name is an alias.  */
| #if defined (__stub_gethostbyname_r) || defined (__stub___gethostbyname_r)
| choke me
| #else
| char (*f) () = gethostbyname_r;
| #endif
| #ifdef __cplusplus
| }
| #endif
| 
| int
| main ()
| {
| return f != gethostbyname_r;
|   ;
|   return 0;
| }
configure:25824: result: no
configure:26122: checking for gethostbyaddr_r
configure:26179: gcc -o conftest -m32       conftest.c -ldl  -lgcc -lssl -lcrypto -ldl -lz   >&5
/usr/bin/ld: skipping incompatible /usr/lib/gcc/x86_64-unknown-linux-gnu/4.6.2/../../../libssl.so when searching for -lssl
/usr/bin/ld: skipping incompatible /usr/lib/gcc/x86_64-unknown-linux-gnu/4.6.2/../../../libssl.a when searching for -lssl
/usr/bin/ld: skipping incompatible /usr/lib/libssl.so when searching for -lssl
/usr/bin/ld: skipping incompatible /usr/lib/libssl.a when searching for -lssl
/usr/bin/ld: cannot find -lssl
/usr/bin/ld: skipping incompatible /usr/lib/gcc/x86_64-unknown-linux-gnu/4.6.2/../../../libcrypto.so when searching for -lcrypto
/usr/bin/ld: skipping incompatible /usr/lib/gcc/x86_64-unknown-linux-gnu/4.6.2/../../../libcrypto.a when searching for -lcrypto
/usr/bin/ld: skipping incompatible /usr/lib/libcrypto.so when searching for -lcrypto
/usr/bin/ld: skipping incompatible /usr/lib/libcrypto.a when searching for -lcrypto
/usr/bin/ld: cannot find -lcrypto
collect2: ld returned 1 exit status
configure:26185: $? = 1
configure: failed program was:
| /* confdefs.h.  */
| 
| #define PACKAGE_NAME "curl"
| #define PACKAGE_TARNAME "curl"
| #define PACKAGE_VERSION "-"
| #define PACKAGE_STRING "curl -"
| #define PACKAGE_BUGREPORT "curl-bug@haxx.se"
| #define PACKAGE "curl"
| #define VERSION "7.11.1"
| #define OS "x86_64-unknown-linux-gnu"
| #define _FILE_OFFSET_BITS 64
| #define STDC_HEADERS 1
| #define HAVE_SYS_TYPES_H 1
| #define HAVE_SYS_STAT_H 1
| #define HAVE_STDLIB_H 1
| #define HAVE_STRING_H 1
| #define HAVE_MEMORY_H 1
| #define HAVE_STRINGS_H 1
| #define HAVE_INTTYPES_H 1
| #define HAVE_STDINT_H 1
| #define HAVE_UNISTD_H 1
| #define HAVE_DLFCN_H 1
| #ifdef __cplusplus
| extern "C" void exit (int) throw ();
| #endif
| #define CURL_DISABLE_GOPHER 1
| #define CURL_DISABLE_LDAP 1
| #define CURL_DISABLE_DICT 1
| #define CURL_DISABLE_TELNET 1
| #define HAVE_GETHOSTBYNAME 1
| #define HAVE_LIBDL 1
| #define HAVE_O_NONBLOCK 1
| #define RANDOM_FILE "/dev/urandom"
| #define HAVE_WRITABLE_ARGV 1
| /* end confdefs.h.  */
| /* Define gethostbyaddr_r to an innocuous variant, in case <limits.h> declares gethostbyaddr_r.
|    For example, HP-UX 11i <limits.h> declares gettimeofday.  */
| #define gethostbyaddr_r innocuous_gethostbyaddr_r
| 
| /* System header to define __stub macros and hopefully few prototypes,
|     which can conflict with char gethostbyaddr_r (); below.
|     Prefer <limits.h> to <assert.h> if __STDC__ is defined, since
|     <limits.h> exists even on freestanding compilers.  */
| 
| #ifdef __STDC__
| # include <limits.h>
| #else
| # include <assert.h>
| #endif
| 
| #undef gethostbyaddr_r
| 
| /* Override any gcc2 internal prototype to avoid an error.  */
| #ifdef __cplusplus
| extern "C"
| {
| #endif
| /* We use char because int might match the return type of a gcc2
|    builtin and then its argument prototype would still apply.  */
| char gethostbyaddr_r ();
| /* The GNU C library defines this for functions which it implements
|     to always fail with ENOSYS.  Some functions are actually named
|     something starting with __ and the normal name is an alias.  */
| #if defined (__stub_gethostbyaddr_r) || defined (__stub___gethostbyaddr_r)
| choke me
| #else
| char (*f) () = gethostbyaddr_r;
| #endif
| #ifdef __cplusplus
| }
| #endif
| 
| int
| main ()
| {
| return f != gethostbyaddr_r;
|   ;
|   return 0;
| }
configure:26210: result: no
configure:26506: checking for inet_ntoa_r
configure:26563: gcc -o conftest -m32       conftest.c -ldl  -lgcc -lssl -lcrypto -ldl -lz   >&5
/usr/bin/ld: skipping incompatible /usr/lib/gcc/x86_64-unknown-linux-gnu/4.6.2/../../../libssl.so when searching for -lssl
/usr/bin/ld: skipping incompatible /usr/lib/gcc/x86_64-unknown-linux-gnu/4.6.2/../../../libssl.a when searching for -lssl
/usr/bin/ld: skipping incompatible /usr/lib/libssl.so when searching for -lssl
/usr/bin/ld: skipping incompatible /usr/lib/libssl.a when searching for -lssl
/usr/bin/ld: cannot find -lssl
/usr/bin/ld: skipping incompatible /usr/lib/gcc/x86_64-unknown-linux-gnu/4.6.2/../../../libcrypto.so when searching for -lcrypto
/usr/bin/ld: skipping incompatible /usr/lib/gcc/x86_64-unknown-linux-gnu/4.6.2/../../../libcrypto.a when searching for -lcrypto
/usr/bin/ld: skipping incompatible /usr/lib/libcrypto.so when searching for -lcrypto
/usr/bin/ld: skipping incompatible /usr/lib/libcrypto.a when searching for -lcrypto
/usr/bin/ld: cannot find -lcrypto
collect2: ld returned 1 exit status
configure:26569: $? = 1
configure: failed program was:
| /* confdefs.h.  */
| 
| #define PACKAGE_NAME "curl"
| #define PACKAGE_TARNAME "curl"
| #define PACKAGE_VERSION "-"
| #define PACKAGE_STRING "curl -"
| #define PACKAGE_BUGREPORT "curl-bug@haxx.se"
| #define PACKAGE "curl"
| #define VERSION "7.11.1"
| #define OS "x86_64-unknown-linux-gnu"
| #define _FILE_OFFSET_BITS 64
| #define STDC_HEADERS 1
| #define HAVE_SYS_TYPES_H 1
| #define HAVE_SYS_STAT_H 1
| #define HAVE_STDLIB_H 1
| #define HAVE_STRING_H 1
| #define HAVE_MEMORY_H 1
| #define HAVE_STRINGS_H 1
| #define HAVE_INTTYPES_H 1
| #define HAVE_STDINT_H 1
| #define HAVE_UNISTD_H 1
| #define HAVE_DLFCN_H 1
| #ifdef __cplusplus
| extern "C" void exit (int) throw ();
| #endif
| #define CURL_DISABLE_GOPHER 1
| #define CURL_DISABLE_LDAP 1
| #define CURL_DISABLE_DICT 1
| #define CURL_DISABLE_TELNET 1
| #define HAVE_GETHOSTBYNAME 1
| #define HAVE_LIBDL 1
| #define HAVE_O_NONBLOCK 1
| #define RANDOM_FILE "/dev/urandom"
| #define HAVE_WRITABLE_ARGV 1
| /* end confdefs.h.  */
| /* Define inet_ntoa_r to an innocuous variant, in case <limits.h> declares inet_ntoa_r.
|    For example, HP-UX 11i <limits.h> declares gettimeofday.  */
| #define inet_ntoa_r innocuous_inet_ntoa_r
| 
| /* System header to define __stub macros and hopefully few prototypes,
|     which can conflict with char inet_ntoa_r (); below.
|     Prefer <limits.h> to <assert.h> if __STDC__ is defined, since
|     <limits.h> exists even on freestanding compilers.  */
| 
| #ifdef __STDC__
| # include <limits.h>
| #else
| # include <assert.h>
| #endif
| 
| #undef inet_ntoa_r
| 
| /* Override any gcc2 internal prototype to avoid an error.  */
| #ifdef __cplusplus
| extern "C"
| {
| #endif
| /* We use char because int might match the return type of a gcc2
|    builtin and then its argument prototype would still apply.  */
| char inet_ntoa_r ();
| /* The GNU C library defines this for functions which it implements
|     to always fail with ENOSYS.  Some functions are actually named
|     something starting with __ and the normal name is an alias.  */
| #if defined (__stub_inet_ntoa_r) || defined (__stub___inet_ntoa_r)
| choke me
| #else
| char (*f) () = inet_ntoa_r;
| #endif
| #ifdef __cplusplus
| }
| #endif
| 
| int
| main ()
| {
| return f != inet_ntoa_r;
|   ;
|   return 0;
| }
configure:26594: result: no
configure:26672: checking for localtime_r
configure:26729: gcc -o conftest -m32       conftest.c -ldl  -lgcc -lssl -lcrypto -ldl -lz   >&5
/usr/bin/ld: skipping incompatible /usr/lib/gcc/x86_64-unknown-linux-gnu/4.6.2/../../../libssl.so when searching for -lssl
/usr/bin/ld: skipping incompatible /usr/lib/gcc/x86_64-unknown-linux-gnu/4.6.2/../../../libssl.a when searching for -lssl
/usr/bin/ld: skipping incompatible /usr/lib/libssl.so when searching for -lssl
/usr/bin/ld: skipping incompatible /usr/lib/libssl.a when searching for -lssl
/usr/bin/ld: cannot find -lssl
/usr/bin/ld: skipping incompatible /usr/lib/gcc/x86_64-unknown-linux-gnu/4.6.2/../../../libcrypto.so when searching for -lcrypto
/usr/bin/ld: skipping incompatible /usr/lib/gcc/x86_64-unknown-linux-gnu/4.6.2/../../../libcrypto.a when searching for -lcrypto
/usr/bin/ld: skipping incompatible /usr/lib/libcrypto.so when searching for -lcrypto
/usr/bin/ld: skipping incompatible /usr/lib/libcrypto.a when searching for -lcrypto
/usr/bin/ld: cannot find -lcrypto
collect2: ld returned 1 exit status
configure:26735: $? = 1
configure: failed program was:
| /* confdefs.h.  */
| 
| #define PACKAGE_NAME "curl"
| #define PACKAGE_TARNAME "curl"
| #define PACKAGE_VERSION "-"
| #define PACKAGE_STRING "curl -"
| #define PACKAGE_BUGREPORT "curl-bug@haxx.se"
| #define PACKAGE "curl"
| #define VERSION "7.11.1"
| #define OS "x86_64-unknown-linux-gnu"
| #define _FILE_OFFSET_BITS 64
| #define STDC_HEADERS 1
| #define HAVE_SYS_TYPES_H 1
| #define HAVE_SYS_STAT_H 1
| #define HAVE_STDLIB_H 1
| #define HAVE_STRING_H 1
| #define HAVE_MEMORY_H 1
| #define HAVE_STRINGS_H 1
| #define HAVE_INTTYPES_H 1
| #define HAVE_STDINT_H 1
| #define HAVE_UNISTD_H 1
| #define HAVE_DLFCN_H 1
| #ifdef __cplusplus
| extern "C" void exit (int) throw ();
| #endif
| #define CURL_DISABLE_GOPHER 1
| #define CURL_DISABLE_LDAP 1
| #define CURL_DISABLE_DICT 1
| #define CURL_DISABLE_TELNET 1
| #define HAVE_GETHOSTBYNAME 1
| #define HAVE_LIBDL 1
| #define HAVE_O_NONBLOCK 1
| #define RANDOM_FILE "/dev/urandom"
| #define HAVE_WRITABLE_ARGV 1
| /* end confdefs.h.  */
| /* Define localtime_r to an innocuous variant, in case <limits.h> declares localtime_r.
|    For example, HP-UX 11i <limits.h> declares gettimeofday.  */
| #define localtime_r innocuous_localtime_r
| 
| /* System header to define __stub macros and hopefully few prototypes,
|     which can conflict with char localtime_r (); below.
|     Prefer <limits.h> to <assert.h> if __STDC__ is defined, since
|     <limits.h> exists even on freestanding compilers.  */
| 
| #ifdef __STDC__
| # include <limits.h>
| #else
| # include <assert.h>
| #endif
| 
| #undef localtime_r
| 
| /* Override any gcc2 internal prototype to avoid an error.  */
| #ifdef __cplusplus
| extern "C"
| {
| #endif
| /* We use char because int might match the return type of a gcc2
|    builtin and then its argument prototype would still apply.  */
| char localtime_r ();
| /* The GNU C library defines this for functions which it implements
|     to always fail with ENOSYS.  Some functions are actually named
|     something starting with __ and the normal name is an alias.  */
| #if defined (__stub_localtime_r) || defined (__stub___localtime_r)
| choke me
| #else
| char (*f) () = localtime_r;
| #endif
| #ifdef __cplusplus
| }
| #endif
| 
| int
| main ()
| {
| return f != localtime_r;
|   ;
|   return 0;
| }
configure:26760: result: no
configure:26826: checking for gmtime_r
configure:26883: gcc -o conftest -m32       conftest.c -ldl  -lgcc -lssl -lcrypto -ldl -lz   >&5
/usr/bin/ld: skipping incompatible /usr/lib/gcc/x86_64-unknown-linux-gnu/4.6.2/../../../libssl.so when searching for -lssl
/usr/bin/ld: skipping incompatible /usr/lib/gcc/x86_64-unknown-linux-gnu/4.6.2/../../../libssl.a when searching for -lssl
/usr/bin/ld: skipping incompatible /usr/lib/libssl.so when searching for -lssl
/usr/bin/ld: skipping incompatible /usr/lib/libssl.a when searching for -lssl
/usr/bin/ld: cannot find -lssl
/usr/bin/ld: skipping incompatible /usr/lib/gcc/x86_64-unknown-linux-gnu/4.6.2/../../../libcrypto.so when searching for -lcrypto
/usr/bin/ld: skipping incompatible /usr/lib/gcc/x86_64-unknown-linux-gnu/4.6.2/../../../libcrypto.a when searching for -lcrypto
/usr/bin/ld: skipping incompatible /usr/lib/libcrypto.so when searching for -lcrypto
/usr/bin/ld: skipping incompatible /usr/lib/libcrypto.a when searching for -lcrypto
/usr/bin/ld: cannot find -lcrypto
collect2: ld returned 1 exit status
configure:26889: $? = 1
configure: failed program was:
| /* confdefs.h.  */
| 
| #define PACKAGE_NAME "curl"
| #define PACKAGE_TARNAME "curl"
| #define PACKAGE_VERSION "-"
| #define PACKAGE_STRING "curl -"
| #define PACKAGE_BUGREPORT "curl-bug@haxx.se"
| #define PACKAGE "curl"
| #define VERSION "7.11.1"
| #define OS "x86_64-unknown-linux-gnu"
| #define _FILE_OFFSET_BITS 64
| #define STDC_HEADERS 1
| #define HAVE_SYS_TYPES_H 1
| #define HAVE_SYS_STAT_H 1
| #define HAVE_STDLIB_H 1
| #define HAVE_STRING_H 1
| #define HAVE_MEMORY_H 1
| #define HAVE_STRINGS_H 1
| #define HAVE_INTTYPES_H 1
| #define HAVE_STDINT_H 1
| #define HAVE_UNISTD_H 1
| #define HAVE_DLFCN_H 1
| #ifdef __cplusplus
| extern "C" void exit (int) throw ();
| #endif
| #define CURL_DISABLE_GOPHER 1
| #define CURL_DISABLE_LDAP 1
| #define CURL_DISABLE_DICT 1
| #define CURL_DISABLE_TELNET 1
| #define HAVE_GETHOSTBYNAME 1
| #define HAVE_LIBDL 1
| #define HAVE_O_NONBLOCK 1
| #define RANDOM_FILE "/dev/urandom"
| #define HAVE_WRITABLE_ARGV 1
| /* end confdefs.h.  */
| /* Define gmtime_r to an innocuous variant, in case <limits.h> declares gmtime_r.
|    For example, HP-UX 11i <limits.h> declares gettimeofday.  */
| #define gmtime_r innocuous_gmtime_r
| 
| /* System header to define __stub macros and hopefully few prototypes,
|     which can conflict with char gmtime_r (); below.
|     Prefer <limits.h> to <assert.h> if __STDC__ is defined, since
|     <limits.h> exists even on freestanding compilers.  */
| 
| #ifdef __STDC__
| # include <limits.h>
| #else
| # include <assert.h>
| #endif
| 
| #undef gmtime_r
| 
| /* Override any gcc2 internal prototype to avoid an error.  */
| #ifdef __cplusplus
| extern "C"
| {
| #endif
| /* We use char because int might match the return type of a gcc2
|    builtin and then its argument prototype would still apply.  */
| char gmtime_r ();
| /* The GNU C library defines this for functions which it implements
|     to always fail with ENOSYS.  Some functions are actually named
|     something starting with __ and the normal name is an alias.  */
| #if defined (__stub_gmtime_r) || defined (__stub___gmtime_r)
| choke me
| #else
| char (*f) () = gmtime_r;
| #endif
| #ifdef __cplusplus
| }
| #endif
| 
| int
| main ()
| {
| return f != gmtime_r;
|   ;
|   return 0;
| }
configure:26914: result: no
configure:26928: checking for ANSI C header files
configure:27084: result: yes
configure:27159: checking for sys/types.h
configure:27219: result: yes
configure:27159: checking for sys/time.h
configure:27189: gcc -c -m32    conftest.c >&5
configure:27195: $? = 0
configure:27199: test -z 
			 || test ! -s conftest.err
configure:27202: $? = 0
configure:27205: test -s conftest.o
configure:27208: $? = 0
configure:27219: result: yes
configure:27159: checking for sys/select.h
configure:27189: gcc -c -m32    conftest.c >&5
configure:27195: $? = 0
configure:27199: test -z 
			 || test ! -s conftest.err
configure:27202: $? = 0
configure:27205: test -s conftest.o
configure:27208: $? = 0
configure:27219: result: yes
configure:27159: checking for sys/socket.h
configure:27189: gcc -c -m32    conftest.c >&5
configure:27195: $? = 0
configure:27199: test -z 
			 || test ! -s conftest.err
configure:27202: $? = 0
configure:27205: test -s conftest.o
configure:27208: $? = 0
configure:27219: result: yes
configure:27159: checking for sys/ioctl.h
configure:27189: gcc -c -m32    conftest.c >&5
configure:27195: $? = 0
configure:27199: test -z 
			 || test ! -s conftest.err
configure:27202: $? = 0
configure:27205: test -s conftest.o
configure:27208: $? = 0
configure:27219: result: yes
configure:27159: checking for assert.h
configure:27189: gcc -c -m32    conftest.c >&5
configure:27195: $? = 0
configure:27199: test -z 
			 || test ! -s conftest.err
configure:27202: $? = 0
configure:27205: test -s conftest.o
configure:27208: $? = 0
configure:27219: result: yes
configure:27159: checking for unistd.h
configure:27219: result: yes
configure:27159: checking for malloc.h
configure:27189: gcc -c -m32    conftest.c >&5
configure:27195: $? = 0
configure:27199: test -z 
			 || test ! -s conftest.err
configure:27202: $? = 0
configure:27205: test -s conftest.o
configure:27208: $? = 0
configure:27219: result: yes
configure:27159: checking for stdlib.h
configure:27219: result: yes
configure:27159: checking for limits.h
configure:27189: gcc -c -m32    conftest.c >&5
configure:27195: $? = 0
configure:27199: test -z 
			 || test ! -s conftest.err
configure:27202: $? = 0
configure:27205: test -s conftest.o
configure:27208: $? = 0
configure:27219: result: yes
configure:27159: checking for arpa/inet.h
configure:27189: gcc -c -m32    conftest.c >&5
configure:27195: $? = 0
configure:27199: test -z 
			 || test ! -s conftest.err
configure:27202: $? = 0
configure:27205: test -s conftest.o
configure:27208: $? = 0
configure:27219: result: yes
configure:27159: checking for net/if.h
configure:27189: gcc -c -m32    conftest.c >&5
configure:27195: $? = 0
configure:27199: test -z 
			 || test ! -s conftest.err
configure:27202: $? = 0
configure:27205: test -s conftest.o
configure:27208: $? = 0
configure:27219: result: yes
configure:27159: checking for netinet/in.h
configure:27189: gcc -c -m32    conftest.c >&5
configure:27195: $? = 0
configure:27199: test -z 
			 || test ! -s conftest.err
configure:27202: $? = 0
configure:27205: test -s conftest.o
configure:27208: $? = 0
configure:27219: result: yes
configure:27159: checking for netdb.h
configure:27189: gcc -c -m32    conftest.c >&5
configure:27195: $? = 0
configure:27199: test -z 
			 || test ! -s conftest.err
configure:27202: $? = 0
configure:27205: test -s conftest.o
configure:27208: $? = 0
configure:27219: result: yes
configure:27159: checking for sys/sockio.h
configure:27189: gcc -c -m32    conftest.c >&5
conftest.c:67:24: fatal error: sys/sockio.h: No such file or directory
compilation terminated.
configure:27195: $? = 1
configure: failed program was:
| /* confdefs.h.  */
| 
| #define PACKAGE_NAME "curl"
| #define PACKAGE_TARNAME "curl"
| #define PACKAGE_VERSION "-"
| #define PACKAGE_STRING "curl -"
| #define PACKAGE_BUGREPORT "curl-bug@haxx.se"
| #define PACKAGE "curl"
| #define VERSION "7.11.1"
| #define OS "x86_64-unknown-linux-gnu"
| #define _FILE_OFFSET_BITS 64
| #define STDC_HEADERS 1
| #define HAVE_SYS_TYPES_H 1
| #define HAVE_SYS_STAT_H 1
| #define HAVE_STDLIB_H 1
| #define HAVE_STRING_H 1
| #define HAVE_MEMORY_H 1
| #define HAVE_STRINGS_H 1
| #define HAVE_INTTYPES_H 1
| #define HAVE_STDINT_H 1
| #define HAVE_UNISTD_H 1
| #define HAVE_DLFCN_H 1
| #ifdef __cplusplus
| extern "C" void exit (int) throw ();
| #endif
| #define CURL_DISABLE_GOPHER 1
| #define CURL_DISABLE_LDAP 1
| #define CURL_DISABLE_DICT 1
| #define CURL_DISABLE_TELNET 1
| #define HAVE_GETHOSTBYNAME 1
| #define HAVE_LIBDL 1
| #define HAVE_O_NONBLOCK 1
| #define RANDOM_FILE "/dev/urandom"
| #define HAVE_WRITABLE_ARGV 1
| #define STDC_HEADERS 1
| #define HAVE_SYS_TYPES_H 1
| #define HAVE_SYS_TIME_H 1
| #define HAVE_SYS_SELECT_H 1
| #define HAVE_SYS_SOCKET_H 1
| #define HAVE_SYS_IOCTL_H 1
| #define HAVE_ASSERT_H 1
| #define HAVE_UNISTD_H 1
| #define HAVE_MALLOC_H 1
| #define HAVE_STDLIB_H 1
| #define HAVE_LIMITS_H 1
| #define HAVE_ARPA_INET_H 1
| #define HAVE_NET_IF_H 1
| #define HAVE_NETINET_IN_H 1
| #define HAVE_NETDB_H 1
| /* end confdefs.h.  */
| 
| #ifdef HAVE_SYS_TYPES_H
| #include <sys/types.h>
| #endif
| #ifdef HAVE_SYS_TIME_H
| #include <sys/time.h>
| #endif
| #ifdef HAVE_SYS_SELECT_H
| #include <sys/select.h>
| #endif
| #ifdef HAVE_SYS_SOCKET_H
| #include <sys/socket.h>
| #endif
| 
| 
| 
| #include <sys/sockio.h>
configure:27219: result: no
configure:27159: checking for sys/stat.h
configure:27219: result: yes
configure:27159: checking for sys/param.h
configure:27189: gcc -c -m32    conftest.c >&5
configure:27195: $? = 0
configure:27199: test -z 
			 || test ! -s conftest.err
configure:27202: $? = 0
configure:27205: test -s conftest.o
configure:27208: $? = 0
configure:27219: result: yes
configure:27159: checking for termios.h
configure:27189: gcc -c -m32    conftest.c >&5
configure:27195: $? = 0
configure:27199: test -z 
			 || test ! -s conftest.err
configure:27202: $? = 0
configure:27205: test -s conftest.o
configure:27208: $? = 0
configure:27219: result: yes
configure:27159: checking for termio.h
configure:27189: gcc -c -m32    conftest.c >&5
configure:27195: $? = 0
configure:27199: test -z 
			 || test ! -s conftest.err
configure:27202: $? = 0
configure:27205: test -s conftest.o
configure:27208: $? = 0
configure:27219: result: yes
configure:27159: checking for sgtty.h
configure:27189: gcc -c -m32    conftest.c >&5
configure:27195: $? = 0
configure:27199: test -z 
			 || test ! -s conftest.err
configure:27202: $? = 0
configure:27205: test -s conftest.o
configure:27208: $? = 0
configure:27219: result: yes
configure:27159: checking for fcntl.h
configure:27189: gcc -c -m32    conftest.c >&5
configure:27195: $? = 0
configure:27199: test -z 
			 || test ! -s conftest.err
configure:27202: $? = 0
configure:27205: test -s conftest.o
configure:27208: $? = 0
configure:27219: result: yes
configure:27159: checking for dlfcn.h
configure:27219: result: yes
configure:27159: checking for alloca.h
configure:27189: gcc -c -m32    conftest.c >&5
configure:27195: $? = 0
configure:27199: test -z 
			 || test ! -s conftest.err
configure:27202: $? = 0
configure:27205: test -s conftest.o
configure:27208: $? = 0
configure:27219: result: yes
configure:27159: checking for winsock.h
configure:27189: gcc -c -m32    conftest.c >&5
conftest.c:75:21: fatal error: winsock.h: No such file or directory
compilation terminated.
configure:27195: $? = 1
configure: failed program was:
| /* confdefs.h.  */
| 
| #define PACKAGE_NAME "curl"
| #define PACKAGE_TARNAME "curl"
| #define PACKAGE_VERSION "-"
| #define PACKAGE_STRING "curl -"
| #define PACKAGE_BUGREPORT "curl-bug@haxx.se"
| #define PACKAGE "curl"
| #define VERSION "7.11.1"
| #define OS "x86_64-unknown-linux-gnu"
| #define _FILE_OFFSET_BITS 64
| #define STDC_HEADERS 1
| #define HAVE_SYS_TYPES_H 1
| #define HAVE_SYS_STAT_H 1
| #define HAVE_STDLIB_H 1
| #define HAVE_STRING_H 1
| #define HAVE_MEMORY_H 1
| #define HAVE_STRINGS_H 1
| #define HAVE_INTTYPES_H 1
| #define HAVE_STDINT_H 1
| #define HAVE_UNISTD_H 1
| #define HAVE_DLFCN_H 1
| #ifdef __cplusplus
| extern "C" void exit (int) throw ();
| #endif
| #define CURL_DISABLE_GOPHER 1
| #define CURL_DISABLE_LDAP 1
| #define CURL_DISABLE_DICT 1
| #define CURL_DISABLE_TELNET 1
| #define HAVE_GETHOSTBYNAME 1
| #define HAVE_LIBDL 1
| #define HAVE_O_NONBLOCK 1
| #define RANDOM_FILE "/dev/urandom"
| #define HAVE_WRITABLE_ARGV 1
| #define STDC_HEADERS 1
| #define HAVE_SYS_TYPES_H 1
| #define HAVE_SYS_TIME_H 1
| #define HAVE_SYS_SELECT_H 1
| #define HAVE_SYS_SOCKET_H 1
| #define HAVE_SYS_IOCTL_H 1
| #define HAVE_ASSERT_H 1
| #define HAVE_UNISTD_H 1
| #define HAVE_MALLOC_H 1
| #define HAVE_STDLIB_H 1
| #define HAVE_LIMITS_H 1
| #define HAVE_ARPA_INET_H 1
| #define HAVE_NET_IF_H 1
| #define HAVE_NETINET_IN_H 1
| #define HAVE_NETDB_H 1
| #define HAVE_SYS_STAT_H 1
| #define HAVE_SYS_PARAM_H 1
| #define HAVE_TERMIOS_H 1
| #define HAVE_TERMIO_H 1
| #define HAVE_SGTTY_H 1
| #define HAVE_FCNTL_H 1
| #define HAVE_DLFCN_H 1
| #define HAVE_ALLOCA_H 1
| /* end confdefs.h.  */
| 
| #ifdef HAVE_SYS_TYPES_H
| #include <sys/types.h>
| #endif
| #ifdef HAVE_SYS_TIME_H
| #include <sys/time.h>
| #endif
| #ifdef HAVE_SYS_SELECT_H
| #include <sys/select.h>
| #endif
| #ifdef HAVE_SYS_SOCKET_H
| #include <sys/socket.h>
| #endif
| 
| 
| 
| #include <winsock.h>
configure:27219: result: no
configure:27159: checking for time.h
configure:27189: gcc -c -m32    conftest.c >&5
configure:27195: $? = 0
configure:27199: test -z 
			 || test ! -s conftest.err
configure:27202: $? = 0
configure:27205: test -s conftest.o
configure:27208: $? = 0
configure:27219: result: yes
configure:27159: checking for io.h
configure:27189: gcc -c -m32    conftest.c >&5
conftest.c:76:16: fatal error: io.h: No such file or directory
compilation terminated.
configure:27195: $? = 1
configure: failed program was:
| /* confdefs.h.  */
| 
| #define PACKAGE_NAME "curl"
| #define PACKAGE_TARNAME "curl"
| #define PACKAGE_VERSION "-"
| #define PACKAGE_STRING "curl -"
| #define PACKAGE_BUGREPORT "curl-bug@haxx.se"
| #define PACKAGE "curl"
| #define VERSION "7.11.1"
| #define OS "x86_64-unknown-linux-gnu"
| #define _FILE_OFFSET_BITS 64
| #define STDC_HEADERS 1
| #define HAVE_SYS_TYPES_H 1
| #define HAVE_SYS_STAT_H 1
| #define HAVE_STDLIB_H 1
| #define HAVE_STRING_H 1
| #define HAVE_MEMORY_H 1
| #define HAVE_STRINGS_H 1
| #define HAVE_INTTYPES_H 1
| #define HAVE_STDINT_H 1
| #define HAVE_UNISTD_H 1
| #define HAVE_DLFCN_H 1
| #ifdef __cplusplus
| extern "C" void exit (int) throw ();
| #endif
| #define CURL_DISABLE_GOPHER 1
| #define CURL_DISABLE_LDAP 1
| #define CURL_DISABLE_DICT 1
| #define CURL_DISABLE_TELNET 1
| #define HAVE_GETHOSTBYNAME 1
| #define HAVE_LIBDL 1
| #define HAVE_O_NONBLOCK 1
| #define RANDOM_FILE "/dev/urandom"
| #define HAVE_WRITABLE_ARGV 1
| #define STDC_HEADERS 1
| #define HAVE_SYS_TYPES_H 1
| #define HAVE_SYS_TIME_H 1
| #define HAVE_SYS_SELECT_H 1
| #define HAVE_SYS_SOCKET_H 1
| #define HAVE_SYS_IOCTL_H 1
| #define HAVE_ASSERT_H 1
| #define HAVE_UNISTD_H 1
| #define HAVE_MALLOC_H 1
| #define HAVE_STDLIB_H 1
| #define HAVE_LIMITS_H 1
| #define HAVE_ARPA_INET_H 1
| #define HAVE_NET_IF_H 1
| #define HAVE_NETINET_IN_H 1
| #define HAVE_NETDB_H 1
| #define HAVE_SYS_STAT_H 1
| #define HAVE_SYS_PARAM_H 1
| #define HAVE_TERMIOS_H 1
| #define HAVE_TERMIO_H 1
| #define HAVE_SGTTY_H 1
| #define HAVE_FCNTL_H 1
| #define HAVE_DLFCN_H 1
| #define HAVE_ALLOCA_H 1
| #define HAVE_TIME_H 1
| /* end confdefs.h.  */
| 
| #ifdef HAVE_SYS_TYPES_H
| #include <sys/types.h>
| #endif
| #ifdef HAVE_SYS_TIME_H
| #include <sys/time.h>
| #endif
| #ifdef HAVE_SYS_SELECT_H
| #include <sys/select.h>
| #endif
| #ifdef HAVE_SYS_SOCKET_H
| #include <sys/socket.h>
| #endif
| 
| 
| 
| #include <io.h>
configure:27219: result: no
configure:27159: checking for pwd.h
configure:27189: gcc -c -m32    conftest.c >&5
configure:27195: $? = 0
configure:27199: test -z 
			 || test ! -s conftest.err
configure:27202: $? = 0
configure:27205: test -s conftest.o
configure:27208: $? = 0
configure:27219: result: yes
configure:27159: checking for utime.h
configure:27189: gcc -c -m32    conftest.c >&5
configure:27195: $? = 0
configure:27199: test -z 
			 || test ! -s conftest.err
configure:27202: $? = 0
configure:27205: test -s conftest.o
configure:27208: $? = 0
configure:27219: result: yes
configure:27159: checking for sys/utime.h
configure:27189: gcc -c -m32    conftest.c >&5
conftest.c:78:23: fatal error: sys/utime.h: No such file or directory
compilation terminated.
configure:27195: $? = 1
configure: failed program was:
| /* confdefs.h.  */
| 
| #define PACKAGE_NAME "curl"
| #define PACKAGE_TARNAME "curl"
| #define PACKAGE_VERSION "-"
| #define PACKAGE_STRING "curl -"
| #define PACKAGE_BUGREPORT "curl-bug@haxx.se"
| #define PACKAGE "curl"
| #define VERSION "7.11.1"
| #define OS "x86_64-unknown-linux-gnu"
| #define _FILE_OFFSET_BITS 64
| #define STDC_HEADERS 1
| #define HAVE_SYS_TYPES_H 1
| #define HAVE_SYS_STAT_H 1
| #define HAVE_STDLIB_H 1
| #define HAVE_STRING_H 1
| #define HAVE_MEMORY_H 1
| #define HAVE_STRINGS_H 1
| #define HAVE_INTTYPES_H 1
| #define HAVE_STDINT_H 1
| #define HAVE_UNISTD_H 1
| #define HAVE_DLFCN_H 1
| #ifdef __cplusplus
| extern "C" void exit (int) throw ();
| #endif
| #define CURL_DISABLE_GOPHER 1
| #define CURL_DISABLE_LDAP 1
| #define CURL_DISABLE_DICT 1
| #define CURL_DISABLE_TELNET 1
| #define HAVE_GETHOSTBYNAME 1
| #define HAVE_LIBDL 1
| #define HAVE_O_NONBLOCK 1
| #define RANDOM_FILE "/dev/urandom"
| #define HAVE_WRITABLE_ARGV 1
| #define STDC_HEADERS 1
| #define HAVE_SYS_TYPES_H 1
| #define HAVE_SYS_TIME_H 1
| #define HAVE_SYS_SELECT_H 1
| #define HAVE_SYS_SOCKET_H 1
| #define HAVE_SYS_IOCTL_H 1
| #define HAVE_ASSERT_H 1
| #define HAVE_UNISTD_H 1
| #define HAVE_MALLOC_H 1
| #define HAVE_STDLIB_H 1
| #define HAVE_LIMITS_H 1
| #define HAVE_ARPA_INET_H 1
| #define HAVE_NET_IF_H 1
| #define HAVE_NETINET_IN_H 1
| #define HAVE_NETDB_H 1
| #define HAVE_SYS_STAT_H 1
| #define HAVE_SYS_PARAM_H 1
| #define HAVE_TERMIOS_H 1
| #define HAVE_TERMIO_H 1
| #define HAVE_SGTTY_H 1
| #define HAVE_FCNTL_H 1
| #define HAVE_DLFCN_H 1
| #define HAVE_ALLOCA_H 1
| #define HAVE_TIME_H 1
| #define HAVE_PWD_H 1
| #define HAVE_UTIME_H 1
| /* end confdefs.h.  */
| 
| #ifdef HAVE_SYS_TYPES_H
| #include <sys/types.h>
| #endif
| #ifdef HAVE_SYS_TIME_H
| #include <sys/time.h>
| #endif
| #ifdef HAVE_SYS_SELECT_H
| #include <sys/select.h>
| #endif
| #ifdef HAVE_SYS_SOCKET_H
| #include <sys/socket.h>
| #endif
| 
| 
| 
| #include <sys/utime.h>
configure:27219: result: no
configure:27159: checking for sys/poll.h
configure:27189: gcc -c -m32    conftest.c >&5
configure:27195: $? = 0
configure:27199: test -z 
			 || test ! -s conftest.err
configure:27202: $? = 0
configure:27205: test -s conftest.o
configure:27208: $? = 0
configure:27219: result: yes
configure:27159: checking for setjmp.h
configure:27189: gcc -c -m32    conftest.c >&5
configure:27195: $? = 0
configure:27199: test -z 
			 || test ! -s conftest.err
configure:27202: $? = 0
configure:27205: test -s conftest.o
configure:27208: $? = 0
configure:27219: result: yes
configure:27231: checking for an ANSI C-conforming const
configure:27298: gcc -c -m32    conftest.c >&5
configure:27304: $? = 0
configure:27308: test -z 
			 || test ! -s conftest.err
configure:27311: $? = 0
configure:27314: test -s conftest.o
configure:27317: $? = 0
configure:27328: result: yes
configure:27338: checking for size_t
configure:27362: gcc -c -m32    conftest.c >&5
configure:27368: $? = 0
configure:27372: test -z 
			 || test ! -s conftest.err
configure:27375: $? = 0
configure:27378: test -s conftest.o
configure:27381: $? = 0
configure:27392: result: yes
configure:27404: checking whether time.h and sys/time.h may both be included
configure:27429: gcc -c -m32    conftest.c >&5
configure:27435: $? = 0
configure:27439: test -z 
			 || test ! -s conftest.err
configure:27442: $? = 0
configure:27445: test -s conftest.o
configure:27448: $? = 0
configure:27459: result: yes
configure:27470: checking for curl_off_t
configure:27498: gcc -c -m32    conftest.c >&5
configure:27504: $? = 0
configure:27508: test -z 
			 || test ! -s conftest.err
configure:27511: $? = 0
configure:27514: test -s conftest.o
configure:27517: $? = 0
configure:27528: result: yes
configure:27531: checking size of curl_off_t
configure:27874: gcc -o conftest -m32       conftest.c -ldl  -lgcc -lssl -lcrypto -ldl -lz   >&5
/usr/bin/ld: skipping incompatible /usr/lib/gcc/x86_64-unknown-linux-gnu/4.6.2/../../../libssl.so when searching for -lssl
/usr/bin/ld: skipping incompatible /usr/lib/gcc/x86_64-unknown-linux-gnu/4.6.2/../../../libssl.a when searching for -lssl
/usr/bin/ld: skipping incompatible /usr/lib/libssl.so when searching for -lssl
/usr/bin/ld: skipping incompatible /usr/lib/libssl.a when searching for -lssl
/usr/bin/ld: cannot find -lssl
/usr/bin/ld: skipping incompatible /usr/lib/gcc/x86_64-unknown-linux-gnu/4.6.2/../../../libcrypto.so when searching for -lcrypto
/usr/bin/ld: skipping incompatible /usr/lib/gcc/x86_64-unknown-linux-gnu/4.6.2/../../../libcrypto.a when searching for -lcrypto
/usr/bin/ld: skipping incompatible /usr/lib/libcrypto.so when searching for -lcrypto
/usr/bin/ld: skipping incompatible /usr/lib/libcrypto.a when searching for -lcrypto
/usr/bin/ld: cannot find -lcrypto
collect2: ld returned 1 exit status
configure:27877: $? = 1
configure: program exited with status 1
configure: failed program was:
| /* confdefs.h.  */
| 
| #define PACKAGE_NAME "curl"
| #define PACKAGE_TARNAME "curl"
| #define PACKAGE_VERSION "-"
| #define PACKAGE_STRING "curl -"
| #define PACKAGE_BUGREPORT "curl-bug@haxx.se"
| #define PACKAGE "curl"
| #define VERSION "7.11.1"
| #define OS "x86_64-unknown-linux-gnu"
| #define _FILE_OFFSET_BITS 64
| #define STDC_HEADERS 1
| #define HAVE_SYS_TYPES_H 1
| #define HAVE_SYS_STAT_H 1
| #define HAVE_STDLIB_H 1
| #define HAVE_STRING_H 1
| #define HAVE_MEMORY_H 1
| #define HAVE_STRINGS_H 1
| #define HAVE_INTTYPES_H 1
| #define HAVE_STDINT_H 1
| #define HAVE_UNISTD_H 1
| #define HAVE_DLFCN_H 1
| #ifdef __cplusplus
| extern "C" void exit (int) throw ();
| #endif
| #define CURL_DISABLE_GOPHER 1
| #define CURL_DISABLE_LDAP 1
| #define CURL_DISABLE_DICT 1
| #define CURL_DISABLE_TELNET 1
| #define HAVE_GETHOSTBYNAME 1
| #define HAVE_LIBDL 1
| #define HAVE_O_NONBLOCK 1
| #define RANDOM_FILE "/dev/urandom"
| #define HAVE_WRITABLE_ARGV 1
| #define STDC_HEADERS 1
| #define HAVE_SYS_TYPES_H 1
| #define HAVE_SYS_TIME_H 1
| #define HAVE_SYS_SELECT_H 1
| #define HAVE_SYS_SOCKET_H 1
| #define HAVE_SYS_IOCTL_H 1
| #define HAVE_ASSERT_H 1
| #define HAVE_UNISTD_H 1
| #define HAVE_MALLOC_H 1
| #define HAVE_STDLIB_H 1
| #define HAVE_LIMITS_H 1
| #define HAVE_ARPA_INET_H 1
| #define HAVE_NET_IF_H 1
| #define HAVE_NETINET_IN_H 1
| #define HAVE_NETDB_H 1
| #define HAVE_SYS_STAT_H 1
| #define HAVE_SYS_PARAM_H 1
| #define HAVE_TERMIOS_H 1
| #define HAVE_TERMIO_H 1
| #define HAVE_SGTTY_H 1
| #define HAVE_FCNTL_H 1
| #define HAVE_DLFCN_H 1
| #define HAVE_ALLOCA_H 1
| #define HAVE_TIME_H 1
| #define HAVE_PWD_H 1
| #define HAVE_UTIME_H 1
| #define HAVE_SYS_POLL_H 1
| #define HAVE_SETJMP_H 1
| #define TIME_WITH_SYS_TIME 1
| /* end confdefs.h.  */
| 
| #include <stdio.h>
| #include "./include/curl/curl.h"
| 
| 
| long longval () { return (long) (sizeof (curl_off_t)); }
| unsigned long ulongval () { return (long) (sizeof (curl_off_t)); }
| #include <stdio.h>
| #include <stdlib.h>
| int
| main ()
| {
| 
|   FILE *f = fopen ("conftest.val", "w");
|   if (! f)
|     exit (1);
|   if (((long) (sizeof (curl_off_t))) < 0)
|     {
|       long i = longval ();
|       if (i != ((long) (sizeof (curl_off_t))))
| 	exit (1);
|       fprintf (f, "%ld\n", i);
|     }
|   else
|     {
|       unsigned long i = ulongval ();
|       if (i != ((long) (sizeof (curl_off_t))))
| 	exit (1);
|       fprintf (f, "%lu\n", i);
|     }
|   exit (ferror (f) || fclose (f) != 0);
| 
|   ;
|   return 0;
| }
configure:27892: error: cannot compute sizeof (curl_off_t), 77
See `config.log' for more details.

## ---------------- ##
## Cache variables. ##
## ---------------- ##

ac_cv_build=x86_64-unknown-linux-gnu
ac_cv_build_alias=x86_64-unknown-linux-gnu
ac_cv_c_compiler_gnu=yes
ac_cv_c_const=yes
ac_cv_cxx_compiler_gnu=yes
ac_cv_env_CC_set=set
ac_cv_env_CC_value=gcc
ac_cv_env_CFLAGS_set=set
ac_cv_env_CFLAGS_value=-m32
ac_cv_env_CPPFLAGS_set=
ac_cv_env_CPPFLAGS_value=
ac_cv_env_CPP_set=
ac_cv_env_CPP_value=
ac_cv_env_CXXCPP_set=
ac_cv_env_CXXCPP_value=
ac_cv_env_CXXFLAGS_set=
ac_cv_env_CXXFLAGS_value=
ac_cv_env_CXX_set=
ac_cv_env_CXX_value=
ac_cv_env_F77_set=
ac_cv_env_F77_value=
ac_cv_env_FFLAGS_set=
ac_cv_env_FFLAGS_value=
ac_cv_env_LDFLAGS_set=
ac_cv_env_LDFLAGS_value=
ac_cv_env_build_alias_set=
ac_cv_env_build_alias_value=
ac_cv_env_host_alias_set=
ac_cv_env_host_alias_value=
ac_cv_env_target_alias_set=
ac_cv_env_target_alias_value=
ac_cv_exeext=
ac_cv_f77_compiler_gnu=no
ac_cv_file___dev_urandom_=yes
ac_cv_func_connect=yes
ac_cv_func_dlclose=no
ac_cv_func_gethostbyaddr_r=no
ac_cv_func_gethostbyname=yes
ac_cv_func_gethostbyname_r=no
ac_cv_func_gmtime_r=no
ac_cv_func_inet_ntoa_r=no
ac_cv_func_localtime_r=no
ac_cv_func_strcasecmp=yes
ac_cv_header_alloca_h=yes
ac_cv_header_arpa_inet_h=yes
ac_cv_header_assert_h=yes
ac_cv_header_dlfcn_h=yes
ac_cv_header_fcntl_h=yes
ac_cv_header_inttypes_h=yes
ac_cv_header_io_h=no
ac_cv_header_limits_h=yes
ac_cv_header_malloc_h=yes
ac_cv_header_memory_h=yes
ac_cv_header_net_if_h=yes
ac_cv_header_netdb_h=yes
ac_cv_header_netinet_in_h=yes
ac_cv_header_pwd_h=yes
ac_cv_header_setjmp_h=yes
ac_cv_header_sgtty_h=yes
ac_cv_header_stdc=yes
ac_cv_header_stdint_h=yes
ac_cv_header_stdlib_h=yes
ac_cv_header_string_h=yes
ac_cv_header_strings_h=yes
ac_cv_header_sys_ioctl_h=yes
ac_cv_header_sys_param_h=yes
ac_cv_header_sys_poll_h=yes
ac_cv_header_sys_select_h=yes
ac_cv_header_sys_socket_h=yes
ac_cv_header_sys_sockio_h=no
ac_cv_header_sys_stat_h=yes
ac_cv_header_sys_time_h=yes
ac_cv_header_sys_types_h=yes
ac_cv_header_sys_utime_h=no
ac_cv_header_termio_h=yes
ac_cv_header_termios_h=yes
ac_cv_header_time=yes
ac_cv_header_time_h=yes
ac_cv_header_unistd_h=yes
ac_cv_header_utime_h=yes
ac_cv_header_winsock_h=no
ac_cv_header_zlib_h=yes
ac_cv_host=x86_64-unknown-linux-gnu
ac_cv_host_alias=x86_64-unknown-linux-gnu
ac_cv_lib_dl_dlopen=yes
ac_cv_lib_z_gzread=no
ac_cv_lib_z_inflateEnd=no
ac_cv_objext=o
ac_cv_path_AR=/usr/bin/ar
ac_cv_path_PKGCONFIG=/usr/bin/pkg-config
ac_cv_path_SED=/bin/sed
ac_cv_path_install='/bin/install -c'
ac_cv_prog_AWK=gawk
ac_cv_prog_CPP='gcc -E'
ac_cv_prog_CXXCPP='g++ -E'
ac_cv_prog_ac_ct_AR=/usr/bin/ar
ac_cv_prog_ac_ct_CC=gcc
ac_cv_prog_ac_ct_CXX=g++
ac_cv_prog_ac_ct_RANLIB=ranlib
ac_cv_prog_ac_ct_STRIP=strip
ac_cv_prog_cc_g=yes
ac_cv_prog_cc_stdc=
ac_cv_prog_cxx_g=yes
ac_cv_prog_egrep='grep -E'
ac_cv_prog_f77_g=no
ac_cv_prog_make_make_set=yes
ac_cv_sys_file_offset_bits=64
ac_cv_sys_large_files=no
ac_cv_sys_largefile_CC=no
ac_cv_type_curl_off_t=yes
ac_cv_type_size_t=yes
am_cv_CC_dependencies_compiler_type=gcc3
am_cv_CXX_dependencies_compiler_type=gcc3
curl_cv_writable_argv=yes
lt_cv_deplibs_check_method=pass_all
lt_cv_file_magic_cmd='$MAGIC_CMD'
lt_cv_file_magic_test_file='/lib/libc.so.6 /lib/libc-2.14.1.so'
lt_cv_ld_reload_flag=-r
lt_cv_objdir=.libs
lt_cv_path_LD=/usr/bin/ld
lt_cv_path_LDCXX='/usr/bin/ld -m elf_i386'
lt_cv_path_NM='/usr/bin/nm -B'
lt_cv_path_SED=/bin/sed
lt_cv_prog_compiler_c_o=yes
lt_cv_prog_compiler_c_o_CXX=yes
lt_cv_prog_compiler_rtti_exceptions=no
lt_cv_prog_gnu_ld=yes
lt_cv_prog_gnu_ldcxx=yes
lt_cv_sys_global_symbol_pipe='sed -n -e '\''s/^.*[ 	]\([ABCDGIRSTW][ABCDGIRSTW]*\)[ 	][ 	]*\(\)\([_A-Za-z][_A-Za-z0-9]*\)$/\1 \2\3 \3/p'\'''
lt_cv_sys_global_symbol_to_c_name_address='sed -n -e '\''s/^: \([^ ]*\) $/  {\"\1\", (lt_ptr) 0},/p'\'' -e '\''s/^[BCDEGRST] \([^ ]*\) \([^ ]*\)$/  {"\2", (lt_ptr) \&\2},/p'\'''
lt_cv_sys_global_symbol_to_cdecl='sed -n -e '\''s/^. .* \(.*\)$/extern int \1;/p'\'''
lt_cv_sys_max_cmd_len=32768
lt_lt_cv_prog_compiler_c_o='"yes"'
lt_lt_cv_prog_compiler_c_o_CXX='"yes"'
lt_lt_cv_sys_global_symbol_pipe='"sed -n -e '\''s/^.*[ 	]\\([ABCDGIRSTW][ABCDGIRSTW]*\\)[ 	][ 	]*\\(\\)\\([_A-Za-z][_A-Za-z0-9]*\\)\$/\\1 \\2\\3 \\3/p'\''"'
lt_lt_cv_sys_global_symbol_to_c_name_address='"sed -n -e '\''s/^: \\([^ ]*\\) \$/  {\\\"\\1\\\", (lt_ptr) 0},/p'\'' -e '\''s/^[BCDEGRST] \\([^ ]*\\) \\([^ ]*\\)\$/  {\"\\2\", (lt_ptr) \\&\\2},/p'\''"'
lt_lt_cv_sys_global_symbol_to_cdecl='"sed -n -e '\''s/^. .* \\(.*\\)\$/extern int \\1;/p'\''"'

## ----------------- ##
## Output variables. ##
## ----------------- ##

ACLOCAL='${SHELL} /home/sadam/doom3.gpl/neo32/curl/missing --run aclocal-1.8'
AMDEPBACKSLASH='\'
AMDEP_FALSE='#'
AMDEP_TRUE=''
AMTAR='${SHELL} /home/sadam/doom3.gpl/neo32/curl/missing --run tar'
AR='/usr/bin/ar'
AS='as'
AUTOCONF='${SHELL} /home/sadam/doom3.gpl/neo32/curl/missing --run autoconf'
AUTOHEADER='${SHELL} /home/sadam/doom3.gpl/neo32/curl/missing --run autoheader'
AUTOMAKE='${SHELL} /home/sadam/doom3.gpl/neo32/curl/missing --run automake-1.8'
AWK='gawk'
CABUNDLE_FALSE=''
CABUNDLE_TRUE='#'
CC='gcc'
CCDEPMODE='depmode=gcc3'
CFLAGS='-m32'
CPP='gcc -E'
CPPFLAGS='  '
CURL_CA_BUNDLE=''
CURL_DISABLE_DICT=''
CURL_DISABLE_FILE=''
CURL_DISABLE_FTP=''
CURL_DISABLE_GOPHER=''
CURL_DISABLE_HTTP=''
CURL_DISABLE_LDAP=''
CURL_DISABLE_TELNET=''
CXX='g++'
CXXCPP='g++ -E'
CXXDEPMODE='depmode=gcc3'
CXXFLAGS='-g -O2'
CYGPATH_W='echo'
DEFS=''
DEPDIR='.deps'
DLLTOOL='dlltool'
ECHO='echo'
ECHO_C=''
ECHO_N='-n'
ECHO_T=''
EGREP='grep -E'
EXEEXT=''
F77=''
FFLAGS=''
HAVE_ARES=''
HAVE_LIBZ=''
HAVE_LIBZ_FALSE=''
HAVE_LIBZ_TRUE='#'
INSTALL_DATA='${INSTALL} -m 644'
INSTALL_PROGRAM='${INSTALL}'
INSTALL_SCRIPT='${INSTALL}'
INSTALL_STRIP_PROGRAM='${SHELL} $(install_sh) -c -s'
IPV6_ENABLED=''
KRB4_ENABLED=''
LDFLAGS='  '
LIBOBJS=''
LIBS='-ldl  -lgcc -lssl -lcrypto -ldl -lz  '
LIBTOOL='$(SHELL) $(top_builddir)/libtool'
LN_S='ln -s'
LTLIBOBJS=''
MAINT='#'
MAINTAINER_MODE_FALSE=''
MAINTAINER_MODE_TRUE='#'
MAKEINFO='${SHELL} /home/sadam/doom3.gpl/neo32/curl/missing --run makeinfo'
MANOPT=''
MIMPURE_FALSE=''
MIMPURE_TRUE='#'
NO_UNDEFINED_FALSE=''
NO_UNDEFINED_TRUE='#'
NROFF=''
OBJDUMP='objdump'
OBJEXT='o'
OPENSSL_ENABLED=''
PACKAGE='curl'
PACKAGE_BUGREPORT='curl-bug@haxx.se'
PACKAGE_NAME='curl'
PACKAGE_STRING='curl -'
PACKAGE_TARNAME='curl'
PACKAGE_VERSION='-'
PATH_SEPARATOR=':'
PERL=''
PKGADD_NAME='cURL - a client that groks URLs'
PKGADD_PKG='HAXXcurl'
PKGADD_VENDOR='curl.haxx.se'
PKGCONFIG='/usr/bin/pkg-config'
RANDOM_FILE='/dev/urandom'
RANLIB='ranlib'
SED='/bin/sed'
SET_MAKE=''
SHELL='/bin/sh'
STRIP='strip'
USE_MANUAL_FALSE=''
USE_MANUAL_TRUE=''
VERSION='7.11.1'
VERSIONNUM='70B01'
YACC=''
ac_ct_AR='/usr/bin/ar'
ac_ct_AS=''
ac_ct_CC='gcc'
ac_ct_CXX='g++'
ac_ct_DLLTOOL=''
ac_ct_F77=''
ac_ct_OBJDUMP=''
ac_ct_RANLIB='ranlib'
ac_ct_STRIP='strip'
am__fastdepCC_FALSE='#'
am__fastdepCC_TRUE=''
am__fastdepCXX_FALSE='#'
am__fastdepCXX_TRUE=''
am__include='include'
am__leading_dot='.'
am__quote=''
bindir='${exec_prefix}/bin'
build='x86_64-unknown-linux-gnu'
build_alias=''
build_cpu='x86_64'
build_os='linux-gnu'
build_vendor='unknown'
datadir='${prefix}/share'
exec_prefix='NONE'
host='x86_64-unknown-linux-gnu'
host_alias=''
host_cpu='x86_64'
host_os='linux-gnu'
host_vendor='unknown'
includedir='${prefix}/include'
infodir='${prefix}/info'
install_sh='/home/sadam/doom3.gpl/neo32/curl/install-sh'
libdir='${exec_prefix}/lib'
libexecdir='${exec_prefix}/libexec'
localstatedir='${prefix}/var'
mandir='${prefix}/man'
mkdir_p='mkdir -p -- .'
oldincludedir='/usr/include'
prefix='NONE'
program_transform_name='s,x,x,'
sbindir='${exec_prefix}/sbin'
sharedstatedir='${prefix}/com'
subdirs=''
sysconfdir='${prefix}/etc'
target_alias=''

## ----------- ##
## confdefs.h. ##
## ----------- ##

#define CURL_DISABLE_DICT 1
#define CURL_DISABLE_GOPHER 1
#define CURL_DISABLE_LDAP 1
#define CURL_DISABLE_TELNET 1
#define HAVE_ALLOCA_H 1
#define HAVE_ARPA_INET_H 1
#define HAVE_ASSERT_H 1
#define HAVE_DLFCN_H 1
#define HAVE_DLFCN_H 1
#define HAVE_FCNTL_H 1
#define HAVE_GETHOSTBYNAME 1
#define HAVE_INTTYPES_H 1
#define HAVE_LIBDL 1
#define HAVE_LIMITS_H 1
#define HAVE_MALLOC_H 1
#define HAVE_MEMORY_H 1
#define HAVE_NETDB_H 1
#define HAVE_NETINET_IN_H 1
#define HAVE_NET_IF_H 1
#define HAVE_O_NONBLOCK 1
#define HAVE_PWD_H 1
#define HAVE_SETJMP_H 1
#define HAVE_SGTTY_H 1
#define HAVE_STDINT_H 1
#define HAVE_STDLIB_H 1
#define HAVE_STDLIB_H 1
#define HAVE_STRINGS_H 1
#define HAVE_STRING_H 1
#define HAVE_SYS_IOCTL_H 1
#define HAVE_SYS_PARAM_H 1
#define HAVE_SYS_POLL_H 1
#define HAVE_SYS_SELECT_H 1
#define HAVE_SYS_SOCKET_H 1
#define HAVE_SYS_STAT_H 1
#define HAVE_SYS_STAT_H 1
#define HAVE_SYS_TIME_H 1
#define HAVE_SYS_TYPES_H 1
#define HAVE_SYS_TYPES_H 1
#define HAVE_TERMIOS_H 1
#define HAVE_TERMIO_H 1
#define HAVE_TIME_H 1
#define HAVE_UNISTD_H 1
#define HAVE_UNISTD_H 1
#define HAVE_UTIME_H 1
#define HAVE_WRITABLE_ARGV 1
#define OS "x86_64-unknown-linux-gnu"
#define PACKAGE "curl"
#define PACKAGE_BUGREPORT "curl-bug@haxx.se"
#define PACKAGE_NAME "curl"
#define PACKAGE_STRING "curl -"
#define PACKAGE_TARNAME "curl"
#define PACKAGE_VERSION "-"
#define RANDOM_FILE "/dev/urandom"
#define STDC_HEADERS 1
#define STDC_HEADERS 1
#define TIME_WITH_SYS_TIME 1
#define VERSION "7.11.1"
#define _FILE_OFFSET_BITS 64
#endif
#ifdef __cplusplus
extern "C" void exit (int) throw ();

configure: exit 1
